Log file open, 11/12/19 14:06:37
LogWindows: Failed to load 'aqProf.dll' (GetLastError=126)
LogWindows: File 'aqProf.dll' does not exist
LogWindows: Failed to load 'VtuneApi.dll' (GetLastError=126)
LogWindows: File 'VtuneApi.dll' does not exist
LogWindows: Failed to load 'VtuneApi32e.dll' (GetLastError=126)
LogWindows: File 'VtuneApi32e.dll' does not exist
LogConsoleResponse: Display: Failed to find resolution value strings in scalability ini. Falling back to default.
LogInit: Display: Running engine for game: SinPausaBuild
LogPakFile: Registered encryption key '00000000000000000000000000000000': 0 pak files mounted, 0 remain pending
LogPlatformFile: Not using cached read wrapper
LogTaskGraph: Started task graph with 5 named threads and 47 total threads with 3 sets of task threads.
LogStats: Stats thread started at 0.512083
LogD3D11RHI: Loaded GFSDK_Aftermath_Lib.x64.dll
LogICUInternationalization: ICU TimeZone Detection - Raw Offset: +9:00, Platform Override: ''
LogPluginManager: Mounting plugin Paper2D
LogPluginManager: Mounting plugin AISupport
LogPluginManager: Mounting plugin LightPropagationVolume
LogPluginManager: Mounting plugin ActorLayerUtilities
LogPluginManager: Mounting plugin AnimationSharing
LogPluginManager: Mounting plugin CLionSourceCodeAccess
LogPluginManager: Mounting plugin CodeLiteSourceCodeAccess
LogPluginManager: Mounting plugin GitSourceControl
LogPluginManager: Mounting plugin KDevelopSourceCodeAccess
LogPluginManager: Mounting plugin NullSourceCodeAccess
LogPluginManager: Mounting plugin PerforceSourceControl
LogPluginManager: Mounting plugin SubversionSourceControl
LogPluginManager: Mounting plugin UObjectPlugin
LogPluginManager: Mounting plugin VisualStudioCodeSourceCodeAccess
LogPluginManager: Mounting plugin VisualStudioSourceCodeAccess
LogPluginManager: Mounting plugin XCodeSourceCodeAccess
LogPluginManager: Mounting plugin AssetManagerEditor
LogPluginManager: Mounting plugin CryptoKeys
LogPluginManager: Mounting plugin DataValidation
LogPluginManager: Mounting plugin FacialAnimation
LogPluginManager: Mounting plugin GameplayTagsEditor
LogPluginManager: Mounting plugin MacGraphicsSwitching
LogPluginManager: Mounting plugin MaterialAnalyzer
LogPluginManager: Mounting plugin MobileLauncherProfileWizard
LogPluginManager: Mounting plugin PluginBrowser
LogPluginManager: Mounting plugin SpeedTreeImporter
LogPluginManager: Mounting plugin DatasmithContent
LogPluginManager: Mounting plugin VariantManagerContent
LogPluginManager: Mounting plugin AlembicImporter
LogPluginManager: Mounting plugin AppleImageUtils
LogPluginManager: Mounting plugin AppleVision
LogPluginManager: Mounting plugin BackChannel
LogPluginManager: Mounting plugin CharacterAI
LogPluginManager: Mounting plugin GeometryCache
LogPluginManager: Mounting plugin HTML5Networking
LogPluginManager: Mounting plugin ProxyLODPlugin
LogPluginManager: Mounting plugin SkeletalReduction
LogPluginManager: Mounting plugin MagicLeap
LogPluginManager: Mounting plugin MagicLeapMedia
LogPluginManager: Mounting plugin AndroidMedia
LogPluginManager: Mounting plugin AvfMedia
LogPluginManager: Mounting plugin ImgMedia
LogPluginManager: Mounting plugin LinearTimecode
LogPluginManager: Mounting plugin MediaCompositing
LogPluginManager: Mounting plugin MediaPlayerEditor
LogPluginManager: Mounting plugin WebMMedia
LogPluginManager: Mounting plugin WmfMedia
LogPluginManager: Mounting plugin TcpMessaging
LogPluginManager: Mounting plugin UdpMessaging
LogPluginManager: Mounting plugin ActorSequence
LogPluginManager: Mounting plugin LevelSequenceEditor
LogPluginManager: Mounting plugin MatineeToLevelSequence
LogPluginManager: Mounting plugin NetcodeUnitTest
LogPluginManager: Mounting plugin NUTUnrealEngine4
LogPluginManager: Mounting plugin OnlineSubsystemGooglePlay
LogPluginManager: Mounting plugin OnlineSubsystemIOS
LogPluginManager: Mounting plugin OnlineSubsystem
LogPluginManager: Mounting plugin OnlineSubsystemNull
LogPluginManager: Mounting plugin OnlineSubsystemUtils
LogPluginManager: Mounting plugin LauncherChunkInstaller
LogPluginManager: Mounting plugin AndroidDeviceProfileSelector
LogPluginManager: Mounting plugin AndroidMoviePlayer
LogPluginManager: Mounting plugin AndroidPermission
LogPluginManager: Mounting plugin AppleMoviePlayer
LogPluginManager: Mounting plugin ArchVisCharacter
LogPluginManager: Mounting plugin AudioCapture
LogPluginManager: Mounting plugin CableComponent
LogPluginManager: Mounting plugin CustomMeshComponent
LogPluginManager: Mounting plugin EditableMesh
LogPluginManager: Mounting plugin ExampleDeviceProfileSelector
LogPluginManager: Mounting plugin Firebase
LogPluginManager: Mounting plugin GoogleCloudMessaging
LogPluginManager: Mounting plugin IOSDeviceProfileSelector
LogPluginManager: Mounting plugin LinuxDeviceProfileSelector
LogPluginManager: Mounting plugin LocationServicesBPLibrary
LogPluginManager: Mounting plugin MobilePatchingUtils
LogPluginManager: Mounting plugin OculusVR
LogPluginManager: Mounting plugin PhysXVehicles
LogPluginManager: Mounting plugin ProceduralMeshComponent
LogPluginManager: Mounting plugin RuntimePhysXCooking
LogPluginManager: Mounting plugin SignificanceManager
LogPluginManager: Mounting plugin SteamVR
LogPluginManager: Mounting plugin WebMMoviePlayer
LogPluginManager: Mounting plugin WindowsMoviePlayer
LogInit: Using libcurl 7.55.1-DEV
LogInit:  - built for x86_64-pc-win32
LogInit:  - supports SSL with OpenSSL/1.1.1
LogInit:  - supports HTTP deflate (compression) using libz 1.2.8
LogInit:  - other features:
LogInit:      CURL_VERSION_SSL
LogInit:      CURL_VERSION_LIBZ
LogInit:      CURL_VERSION_IPV6
LogInit:      CURL_VERSION_ASYNCHDNS
LogInit:      CURL_VERSION_LARGEFILE
LogInit:      CURL_VERSION_IDN
LogInit:  CurlRequestOptions (configurable via config and command line):
LogInit:  - bVerifyPeer = true  - Libcurl will verify peer certificate
LogInit:  - bUseHttpProxy = false  - Libcurl will NOT use HTTP proxy
LogInit:  - bDontReuseConnections = false  - Libcurl will reuse connections
LogInit:  - MaxHostConnections = 16  - Libcurl will limit the number of connections to a host
LogInit:  - LocalHostAddr = Default
LogInit:  - BufferSize = 65536
LogInit: WinSock: version 1.1 (2.2), MaxSocks=32767, MaxUdp=65467
LogHMD: Failed initializing OVRPlugin 1.32.0
LogInit: Build: ++UE4+Release-4.22-CL-7053642
LogInit: Engine Version: 4.22.3-7053642+++UE4+Release-4.22
LogInit: Compatible Engine Version: 4.22.0-5660361+++UE4+Release-4.22
LogInit: Net CL: 5660361
LogInit: OS: Windows 10 (Release 1903) (), CPU: AMD Ryzen 7 3700X 8-Core Processor             , GPU: NVIDIA GeForce GTX 1660
LogInit: Compiled (64-bit): Jun 18 2019 03:09:11
LogInit: Compiled with Visual C++: 19.16.27025.01
LogInit: Build Configuration: Development
LogInit: Branch Name: ++UE4+Release-4.22
LogInit: Command Line: 
LogInit: Base Directory: C:/Program Files/Epic Games/UE_4.22/Engine/Binaries/Win64/
LogInit: Installed Engine Build: 1
LogDevObjectVersion: Number of dev versions registered: 23
LogDevObjectVersion:   Dev-Blueprints (B0D832E4-1F89-4F0D-ACCF-7EB736FD4AA2): 10
LogDevObjectVersion:   Dev-Build (E1C64328-A22C-4D53-A36C-8E866417BD8C): 0
LogDevObjectVersion:   Dev-Core (375EC13C-06E4-48FB-B500-84F0262A717E): 3
LogDevObjectVersion:   Dev-Editor (E4B068ED-F494-42E9-A231-DA0B2E46BB41): 30
LogDevObjectVersion:   Dev-Framework (CFFC743F-43B0-4480-9391-14DF171D2073): 35
LogDevObjectVersion:   Dev-Mobile (B02B49B5-BB20-44E9-A304-32B752E40360): 2
LogDevObjectVersion:   Dev-Networking (A4E4105C-59A1-49B5-A7C5-40C4547EDFEE): 0
LogDevObjectVersion:   Dev-Online (39C831C9-5AE6-47DC-9A44-9C173E1C8E7C): 0
LogDevObjectVersion:   Dev-Physics (78F01B33-EBEA-4F98-B9B4-84EACCB95AA2): 0
LogDevObjectVersion:   Dev-Platform (6631380F-2D4D-43E0-8009-CF276956A95A): 0
LogDevObjectVersion:   Dev-Rendering (12F88B9F-8875-4AFC-A67C-D90C383ABD29): 28
LogDevObjectVersion:   Dev-Sequencer (7B5AE74C-D270-4C10-A958-57980B212A5A): 11
LogDevObjectVersion:   Dev-VR (D7296918-1DD6-4BDD-9DE2-64A83CC13884): 2
LogDevObjectVersion:   Dev-LoadTimes (C2A15278-BFE7-4AFE-6C17-90FF531DF755): 1
LogDevObjectVersion:   Private-Geometry (6EACA3D4-40EC-4CC1-B786-8BED09428FC5): 3
LogDevObjectVersion:   Dev-AnimPhys (29E575DD-E0A3-4627-9D10-D276232CDCEA): 17
LogDevObjectVersion:   Dev-Anim (AF43A65D-7FD3-4947-9873-3E8ED9C1BB05): 2
LogDevObjectVersion:   Dev-ReflectionCapture (6B266CEC-1EC7-4B8F-A30B-E4D90942FC07): 1
LogDevObjectVersion:   Dev-Automation (0DF73D61-A23F-47EA-B727-89E90C41499A): 1
LogDevObjectVersion:   FortniteMain (601D1886-AC64-4F84-AA16-D3DE0DEAC7D6): 25
LogDevObjectVersion:   Dev-Enterprise (9DFFBCD6-494F-0158-E221-12823C92A888): 6
LogDevObjectVersion:   Dev-Niagara (F2AED0AC-9AFE-416F-8664-AA7FFA26D6FC): 1
LogDevObjectVersion:   Dev-Destruction (174F1F0B-B4C6-45A5-B13F-2EE8D0FB917D): 2
LogInit: Presizing for max 16777216 objects, including 0 objects not considered by GC, pre-allocating 0 bytes for permanent pool.
LogInit: Object subsystem initialized
LogConfig: Setting CVar [[con.DebugEarlyDefault:1]]
LogConfig: Setting CVar [[r.setres:1280x720]]
[2019.11.12-05.06.38:264][  0]LogConfig: Setting CVar [[r.VSync:0]]
[2019.11.12-05.06.38:264][  0]LogConfig: Setting CVar [[r.RHICmdBypass:0]]
[2019.11.12-05.06.38:264][  0]LogConfig: Applying CVar settings from Section [/Script/Engine.RendererSettings] File [C:/Users/stl/Documents/Unreal Projects/SinPausaBuild/Saved/Config/Windows/Engine.ini]
[2019.11.12-05.06.38:264][  0]LogConfig: Setting CVar [[r.GPUCrashDebugging:0]]
[2019.11.12-05.06.38:264][  0]LogConfig: Setting CVar [[r.DefaultFeature.AmbientOcclusion:0]]
[2019.11.12-05.06.38:264][  0]LogConfig: Setting CVar [[r.DefaultFeature.AmbientOcclusionStaticFraction:0]]
[2019.11.12-05.06.38:264][  0]LogConfig: Setting CVar [[vr.InstancedStereo:1]]
[2019.11.12-05.06.38:264][  0]LogConfig: Setting CVar [[r.SeparateTranslucency:0]]
[2019.11.12-05.06.38:265][  0]LogConfig: Setting CVar [[r.HZBOcclusion:0]]
[2019.11.12-05.06.38:265][  0]LogConfig: Setting CVar [[r.SSR.MaxRoughness:0]]
[2019.11.12-05.06.38:265][  0]LogConfig: Setting CVar [[r.rhicmdbypass:0]]
[2019.11.12-05.06.38:265][  0]LogConfig: Setting CVar [[r.ForwardShading:1]]
[2019.11.12-05.06.38:265][  0]LogConfig: Applying CVar settings from Section [/Script/Engine.RendererOverrideSettings] File [C:/Users/stl/Documents/Unreal Projects/SinPausaBuild/Saved/Config/Windows/Engine.ini]
[2019.11.12-05.06.38:265][  0]LogConfig: Applying CVar settings from Section [/Script/Engine.StreamingSettings] File [C:/Users/stl/Documents/Unreal Projects/SinPausaBuild/Saved/Config/Windows/Engine.ini]
[2019.11.12-05.06.38:265][  0]LogConfig: Setting CVar [[s.MinBulkDataSizeForAsyncLoading:131072]]
[2019.11.12-05.06.38:265][  0]LogConfig: Setting CVar [[s.AsyncLoadingThreadEnabled:0]]
[2019.11.12-05.06.38:265][  0]LogConfig: Setting CVar [[s.EventDrivenLoaderEnabled:1]]
[2019.11.12-05.06.38:265][  0]LogConfig: Setting CVar [[s.WarnIfTimeLimitExceeded:0]]
[2019.11.12-05.06.38:265][  0]LogConfig: Setting CVar [[s.TimeLimitExceededMultiplier:1.5]]
[2019.11.12-05.06.38:265][  0]LogConfig: Setting CVar [[s.TimeLimitExceededMinTime:0.005]]
[2019.11.12-05.06.38:265][  0]LogConfig: Setting CVar [[s.UseBackgroundLevelStreaming:1]]
[2019.11.12-05.06.38:265][  0]LogConfig: Setting CVar [[s.PriorityAsyncLoadingExtraTime:15.0]]
[2019.11.12-05.06.38:265][  0]LogConfig: Setting CVar [[s.LevelStreamingActorsUpdateTimeLimit:5.0]]
[2019.11.12-05.06.38:265][  0]LogConfig: Setting CVar [[s.PriorityLevelStreamingActorsUpdateExtraTime:5.0]]
[2019.11.12-05.06.38:265][  0]LogConfig: Setting CVar [[s.LevelStreamingComponentsRegistrationGranularity:10]]
[2019.11.12-05.06.38:265][  0]LogConfig: Setting CVar [[s.UnregisterComponentsTimeLimit:1.0]]
[2019.11.12-05.06.38:265][  0]LogConfig: Setting CVar [[s.LevelStreamingComponentsUnregistrationGranularity:5]]
[2019.11.12-05.06.38:265][  0]LogConfig: Applying CVar settings from Section [/Script/Engine.GarbageCollectionSettings] File [C:/Users/stl/Documents/Unreal Projects/SinPausaBuild/Saved/Config/Windows/Engine.ini]
[2019.11.12-05.06.38:265][  0]LogConfig: Setting CVar [[gc.MaxObjectsNotConsideredByGC:1]]
[2019.11.12-05.06.38:265][  0]LogConfig: Setting CVar [[gc.SizeOfPermanentObjectPool:0]]
[2019.11.12-05.06.38:265][  0]LogConfig: Setting CVar [[gc.FlushStreamingOnGC:0]]
[2019.11.12-05.06.38:265][  0]LogConfig: Setting CVar [[gc.NumRetriesBeforeForcingGC:10]]
[2019.11.12-05.06.38:265][  0]LogConfig: Setting CVar [[gc.AllowParallelGC:1]]
[2019.11.12-05.06.38:265][  0]LogConfig: Setting CVar [[gc.TimeBetweenPurgingPendingKillObjects:61.1]]
[2019.11.12-05.06.38:265][  0]LogConfig: Setting CVar [[gc.MaxObjectsInEditor:16777216]]
[2019.11.12-05.06.38:265][  0]LogConfig: Setting CVar [[gc.IncrementalBeginDestroyEnabled:1]]
[2019.11.12-05.06.38:265][  0]LogConfig: Setting CVar [[gc.CreateGCClusters:1]]
[2019.11.12-05.06.38:265][  0]LogConfig: Setting CVar [[gc.MinGCClusterSize:5]]
[2019.11.12-05.06.38:265][  0]LogConfig: Setting CVar [[gc.ActorClusteringEnabled:0]]
[2019.11.12-05.06.38:265][  0]LogConfig: Setting CVar [[gc.BlueprintClusteringEnabled:0]]
[2019.11.12-05.06.38:265][  0]LogConfig: Setting CVar [[gc.UseDisregardForGCOnDedicatedServers:0]]
[2019.11.12-05.06.38:265][  0]LogConfig: Applying CVar settings from Section [/Script/Engine.NetworkSettings] File [C:/Users/stl/Documents/Unreal Projects/SinPausaBuild/Saved/Config/Windows/Engine.ini]
[2019.11.12-05.06.38:265][  0]LogConfig: Applying CVar settings from Section [/Script/UnrealEd.CookerSettings] File [C:/Users/stl/Documents/Unreal Projects/SinPausaBuild/Saved/Config/Windows/Engine.ini]
[2019.11.12-05.06.38:267][  0]LogConfig: Applying CVar settings from Section [ViewDistanceQuality@3] File [C:/Users/stl/Documents/Unreal Projects/SinPausaBuild/Saved/Config/Windows/Scalability.ini]
[2019.11.12-05.06.38:267][  0]LogConfig: Setting CVar [[r.SkeletalMeshLODBias:0]]
[2019.11.12-05.06.38:267][  0]LogConfig: Setting CVar [[r.ViewDistanceScale:1.0]]
[2019.11.12-05.06.38:267][  0]LogConfig: Applying CVar settings from Section [AntiAliasingQuality@3] File [C:/Users/stl/Documents/Unreal Projects/SinPausaBuild/Saved/Config/Windows/Scalability.ini]
[2019.11.12-05.06.38:267][  0]LogConfig: Setting CVar [[r.PostProcessAAQuality:3]]
[2019.11.12-05.06.38:267][  0]LogConfig: Applying CVar settings from Section [ShadowQuality@3] File [C:/Users/stl/Documents/Unreal Projects/SinPausaBuild/Saved/Config/Windows/Scalability.ini]
[2019.11.12-05.06.38:267][  0]LogConfig: Setting CVar [[r.LightFunctionQuality:1]]
[2019.11.12-05.06.38:267][  0]LogConfig: Setting CVar [[r.ShadowQuality:5]]
[2019.11.12-05.06.38:267][  0]LogConfig: Setting CVar [[r.Shadow.CSM.MaxCascades:10]]
[2019.11.12-05.06.38:267][  0]LogConfig: Setting CVar [[r.Shadow.MaxResolution:2048]]
[2019.11.12-05.06.38:267][  0]LogConfig: Setting CVar [[r.Shadow.MaxCSMResolution:2048]]
[2019.11.12-05.06.38:267][  0]LogConfig: Setting CVar [[r.Shadow.RadiusThreshold:0.01]]
[2019.11.12-05.06.38:267][  0]LogConfig: Setting CVar [[r.Shadow.DistanceScale:1.0]]
[2019.11.12-05.06.38:267][  0]LogConfig: Setting CVar [[r.Shadow.CSM.TransitionScale:1.0]]
[2019.11.12-05.06.38:267][  0]LogConfig: Setting CVar [[r.Shadow.PreShadowResolutionFactor:1.0]]
[2019.11.12-05.06.38:267][  0]LogConfig: Setting CVar [[r.DistanceFieldShadowing:1]]
[2019.11.12-05.06.38:267][  0]LogConfig: Setting CVar [[r.DistanceFieldAO:1]]
[2019.11.12-05.06.38:267][  0]LogConfig: Setting CVar [[r.AOQuality:2]]
[2019.11.12-05.06.38:267][  0]LogConfig: Setting CVar [[r.VolumetricFog:1]]
[2019.11.12-05.06.38:267][  0]LogConfig: Setting CVar [[r.VolumetricFog.GridPixelSize:8]]
[2019.11.12-05.06.38:267][  0]LogConfig: Setting CVar [[r.VolumetricFog.GridSizeZ:128]]
[2019.11.12-05.06.38:267][  0]LogConfig: Setting CVar [[r.VolumetricFog.HistoryMissSupersampleCount:4]]
[2019.11.12-05.06.38:267][  0]LogConfig: Setting CVar [[r.LightMaxDrawDistanceScale:1]]
[2019.11.12-05.06.38:267][  0]LogConfig: Setting CVar [[r.CapsuleShadows:1]]
[2019.11.12-05.06.38:267][  0]LogConfig: Applying CVar settings from Section [PostProcessQuality@3] File [C:/Users/stl/Documents/Unreal Projects/SinPausaBuild/Saved/Config/Windows/Scalability.ini]
[2019.11.12-05.06.38:267][  0]LogConfig: Setting CVar [[r.MotionBlurQuality:0]]
[2019.11.12-05.06.38:267][  0]LogConfig: Setting CVar [[r.AmbientOcclusionMipLevelFactor:0.4]]
[2019.11.12-05.06.38:267][  0]LogConfig: Setting CVar [[r.AmbientOcclusionMaxQuality:100]]
[2019.11.12-05.06.38:267][  0]LogConfig: Setting CVar [[r.AmbientOcclusionLevels:0]]
[2019.11.12-05.06.38:267][  0]LogConfig: Setting CVar [[r.AmbientOcclusionRadiusScale:1.0]]
[2019.11.12-05.06.38:267][  0]LogConfig: Setting CVar [[r.DepthOfFieldQuality:0]]
[2019.11.12-05.06.38:267][  0]LogConfig: Setting CVar [[r.RenderTargetPoolMin:400]]
[2019.11.12-05.06.38:267][  0]LogConfig: Setting CVar [[r.LensFlareQuality:0]]
[2019.11.12-05.06.38:267][  0]LogConfig: Setting CVar [[r.SceneColorFringeQuality:0]]
[2019.11.12-05.06.38:267][  0]LogConfig: Setting CVar [[r.EyeAdaptationQuality:2]]
[2019.11.12-05.06.38:267][  0]LogConfig: Setting CVar [[r.BloomQuality:1]]
[2019.11.12-05.06.38:267][  0]LogConfig: Setting CVar [[r.FastBlurThreshold:0]]
[2019.11.12-05.06.38:267][  0]LogConfig: Setting CVar [[r.Upscale.Quality:3]]
[2019.11.12-05.06.38:267][  0]LogConfig: Setting CVar [[r.Tonemapper.GrainQuantization:1]]
[2019.11.12-05.06.38:267][  0]LogConfig: Setting CVar [[r.LightShaftQuality:1]]
[2019.11.12-05.06.38:267][  0]LogConfig: Setting CVar [[r.Filter.SizeScale:1]]
[2019.11.12-05.06.38:267][  0]LogConfig: Setting CVar [[r.Tonemapper.Quality:5]]
[2019.11.12-05.06.38:267][  0]LogConfig: Setting CVar [[r.DOF.Gather.AccumulatorQuality:1        ; higher gathering accumulator quality]]
[2019.11.12-05.06.38:267][  0]LogConfig: Setting CVar [[r.DOF.Gather.PostfilterMethod:1          ; Median3x3 postfilering method]]
[2019.11.12-05.06.38:267][  0]LogConfig: Setting CVar [[r.DOF.Gather.EnableBokehSettings:0       ; no bokeh simulation when gathering]]
[2019.11.12-05.06.38:267][  0]LogConfig: Setting CVar [[r.DOF.Gather.RingCount:4                 ; medium number of samples when gathering]]
[2019.11.12-05.06.38:267][  0]LogConfig: Setting CVar [[r.DOF.Scatter.ForegroundCompositing:1    ; additive foreground scattering]]
[2019.11.12-05.06.38:267][  0]LogConfig: Setting CVar [[r.DOF.Scatter.BackgroundCompositing:2    ; additive background scattering]]
[2019.11.12-05.06.38:267][  0]LogConfig: Setting CVar [[r.DOF.Scatter.EnableBokehSettings:1      ; bokeh simulation when scattering]]
[2019.11.12-05.06.38:267][  0]LogConfig: Setting CVar [[r.DOF.Scatter.MaxSpriteRatio:0.1         ; only a maximum of 10% of scattered bokeh]]
[2019.11.12-05.06.38:267][  0]LogConfig: Setting CVar [[r.DOF.Recombine.Quality:1                ; cheap slight out of focus]]
[2019.11.12-05.06.38:267][  0]LogConfig: Setting CVar [[r.DOF.Recombine.EnableBokehSettings:0    ; no bokeh simulation on slight out of focus]]
[2019.11.12-05.06.38:267][  0]LogConfig: Setting CVar [[r.DOF.TemporalAAQuality:1                ; more stable temporal accumulation]]
[2019.11.12-05.06.38:267][  0]LogConfig: Setting CVar [[r.DOF.Kernel.MaxForegroundRadius:0.025]]
[2019.11.12-05.06.38:267][  0]LogConfig: Setting CVar [[r.DOF.Kernel.MaxBackgroundRadius:0.025]]
[2019.11.12-05.06.38:267][  0]LogConfig: Applying CVar settings from Section [TextureQuality@3] File [C:/Users/stl/Documents/Unreal Projects/SinPausaBuild/Saved/Config/Windows/Scalability.ini]
[2019.11.12-05.06.38:267][  0]LogConfig: Setting CVar [[r.Streaming.MipBias:0]]
[2019.11.12-05.06.38:267][  0]LogConfig: Setting CVar [[r.Streaming.AmortizeCPUToGPUCopy:0]]
[2019.11.12-05.06.38:267][  0]LogConfig: Setting CVar [[r.Streaming.MaxNumTexturesToStreamPerFrame:0]]
[2019.11.12-05.06.38:267][  0]LogConfig: Setting CVar [[r.Streaming.Boost:1]]
[2019.11.12-05.06.38:267][  0]LogConfig: Setting CVar [[r.MaxAnisotropy:8]]
[2019.11.12-05.06.38:267][  0]LogConfig: Setting CVar [[r.Streaming.LimitPoolSizeToVRAM:0]]
[2019.11.12-05.06.38:267][  0]LogConfig: Setting CVar [[r.Streaming.PoolSize:1000]]
[2019.11.12-05.06.38:267][  0]LogConfig: Setting CVar [[r.Streaming.MaxEffectiveScreenSize:0]]
[2019.11.12-05.06.38:267][  0]LogConfig: Applying CVar settings from Section [EffectsQuality@3] File [C:/Users/stl/Documents/Unreal Projects/SinPausaBuild/Saved/Config/Windows/Scalability.ini]
[2019.11.12-05.06.38:267][  0]LogConfig: Setting CVar [[r.TranslucencyLightingVolumeDim:4]]
[2019.11.12-05.06.38:267][  0]LogConfig: Setting CVar [[r.RefractionQuality:2]]
[2019.11.12-05.06.38:267][  0]LogConfig: Setting CVar [[r.SSR.Quality:0]]
[2019.11.12-05.06.38:267][  0]LogConfig: Setting CVar [[r.SceneColorFormat:2]]
[2019.11.12-05.06.38:267][  0]LogConfig: Setting CVar [[r.DetailMode:2]]
[2019.11.12-05.06.38:267][  0]LogConfig: Setting CVar [[r.TranslucencyVolumeBlur:0]]
[2019.11.12-05.06.38:267][  0]LogConfig: Setting CVar [[r.MaterialQualityLevel:1 ; High quality]]
[2019.11.12-05.06.38:267][  0]LogConfig: Setting CVar [[r.SSS.Scale:1]]
[2019.11.12-05.06.38:267][  0]LogConfig: Setting CVar [[r.SSS.SampleSet:2]]
[2019.11.12-05.06.38:267][  0]LogConfig: Setting CVar [[r.SSS.Quality:1]]
[2019.11.12-05.06.38:267][  0]LogConfig: Setting CVar [[r.SSS.HalfRes:1]]
[2019.11.12-05.06.38:267][  0]LogConfig: Setting CVar [[r.EmitterSpawnRateScale:1.0]]
[2019.11.12-05.06.38:267][  0]LogConfig: Setting CVar [[r.ParticleLightQuality:2]]
[2019.11.12-05.06.38:267][  0]LogConfig: Applying CVar settings from Section [FoliageQuality@3] File [C:/Users/stl/Documents/Unreal Projects/SinPausaBuild/Saved/Config/Windows/Scalability.ini]
[2019.11.12-05.06.38:267][  0]LogConfig: Setting CVar [[foliage.DensityScale:1.0]]
[2019.11.12-05.06.38:267][  0]LogConfig: Setting CVar [[grass.DensityScale:1.0]]
[2019.11.12-05.06.38:267][  0]LogInit: Selected Device Profile: [Windows]
[2019.11.12-05.06.38:267][  0]LogInit: Applying CVar settings loaded from the selected device profile: [Windows]
[2019.11.12-05.06.38:279][  0]LogHAL: Display: Platform has ~ 16 GB [17111560192 / 17179869184 / 16], which maps to Larger [LargestMinGB=32, LargerMinGB=12, DefaultMinGB=8, SmallerMinGB=6, SmallestMinGB=0)
[2019.11.12-05.06.38:279][  0]LogConfig: Setting CVar [[r.Vulkan.UseRealUBs:0		; Required until we fix HLR fall-out]]
[2019.11.12-05.06.38:279][  0]LogInit: Going up to parent DeviceProfile []
[2019.11.12-05.06.38:279][  0]LogConfig: Applying CVar settings from Section [ViewDistanceQuality@3] File [C:/Users/stl/Documents/Unreal Projects/SinPausaBuild/Saved/Config/Windows/Scalability.ini]
[2019.11.12-05.06.38:279][  0]LogConfig: Setting CVar [[r.SkeletalMeshLODBias:0]]
[2019.11.12-05.06.38:279][  0]LogConfig: Setting CVar [[r.ViewDistanceScale:1.0]]
[2019.11.12-05.06.38:279][  0]LogConfig: Applying CVar settings from Section [AntiAliasingQuality@3] File [C:/Users/stl/Documents/Unreal Projects/SinPausaBuild/Saved/Config/Windows/Scalability.ini]
[2019.11.12-05.06.38:279][  0]LogConfig: Setting CVar [[r.PostProcessAAQuality:3]]
[2019.11.12-05.06.38:279][  0]LogConfig: Applying CVar settings from Section [ShadowQuality@3] File [C:/Users/stl/Documents/Unreal Projects/SinPausaBuild/Saved/Config/Windows/Scalability.ini]
[2019.11.12-05.06.38:279][  0]LogConfig: Setting CVar [[r.LightFunctionQuality:1]]
[2019.11.12-05.06.38:279][  0]LogConfig: Setting CVar [[r.ShadowQuality:5]]
[2019.11.12-05.06.38:279][  0]LogConfig: Setting CVar [[r.Shadow.CSM.MaxCascades:10]]
[2019.11.12-05.06.38:279][  0]LogConfig: Setting CVar [[r.Shadow.MaxResolution:2048]]
[2019.11.12-05.06.38:279][  0]LogConfig: Setting CVar [[r.Shadow.MaxCSMResolution:2048]]
[2019.11.12-05.06.38:279][  0]LogConfig: Setting CVar [[r.Shadow.RadiusThreshold:0.01]]
[2019.11.12-05.06.38:279][  0]LogConfig: Setting CVar [[r.Shadow.DistanceScale:1.0]]
[2019.11.12-05.06.38:279][  0]LogConfig: Setting CVar [[r.Shadow.CSM.TransitionScale:1.0]]
[2019.11.12-05.06.38:279][  0]LogConfig: Setting CVar [[r.Shadow.PreShadowResolutionFactor:1.0]]
[2019.11.12-05.06.38:279][  0]LogConfig: Setting CVar [[r.DistanceFieldShadowing:1]]
[2019.11.12-05.06.38:279][  0]LogConfig: Setting CVar [[r.DistanceFieldAO:1]]
[2019.11.12-05.06.38:279][  0]LogConfig: Setting CVar [[r.AOQuality:2]]
[2019.11.12-05.06.38:279][  0]LogConfig: Setting CVar [[r.VolumetricFog:1]]
[2019.11.12-05.06.38:279][  0]LogConfig: Setting CVar [[r.VolumetricFog.GridPixelSize:8]]
[2019.11.12-05.06.38:279][  0]LogConfig: Setting CVar [[r.VolumetricFog.GridSizeZ:128]]
[2019.11.12-05.06.38:279][  0]LogConfig: Setting CVar [[r.VolumetricFog.HistoryMissSupersampleCount:4]]
[2019.11.12-05.06.38:279][  0]LogConfig: Setting CVar [[r.LightMaxDrawDistanceScale:1]]
[2019.11.12-05.06.38:279][  0]LogConfig: Setting CVar [[r.CapsuleShadows:1]]
[2019.11.12-05.06.38:279][  0]LogConfig: Applying CVar settings from Section [PostProcessQuality@3] File [C:/Users/stl/Documents/Unreal Projects/SinPausaBuild/Saved/Config/Windows/Scalability.ini]
[2019.11.12-05.06.38:279][  0]LogConfig: Setting CVar [[r.MotionBlurQuality:0]]
[2019.11.12-05.06.38:279][  0]LogConfig: Setting CVar [[r.AmbientOcclusionMipLevelFactor:0.4]]
[2019.11.12-05.06.38:279][  0]LogConfig: Setting CVar [[r.AmbientOcclusionMaxQuality:100]]
[2019.11.12-05.06.38:279][  0]LogConfig: Setting CVar [[r.AmbientOcclusionLevels:0]]
[2019.11.12-05.06.38:279][  0]LogConfig: Setting CVar [[r.AmbientOcclusionRadiusScale:1.0]]
[2019.11.12-05.06.38:279][  0]LogConfig: Setting CVar [[r.DepthOfFieldQuality:0]]
[2019.11.12-05.06.38:279][  0]LogConfig: Setting CVar [[r.RenderTargetPoolMin:400]]
[2019.11.12-05.06.38:279][  0]LogConfig: Setting CVar [[r.LensFlareQuality:0]]
[2019.11.12-05.06.38:279][  0]LogConfig: Setting CVar [[r.SceneColorFringeQuality:0]]
[2019.11.12-05.06.38:279][  0]LogConfig: Setting CVar [[r.EyeAdaptationQuality:2]]
[2019.11.12-05.06.38:279][  0]LogConfig: Setting CVar [[r.BloomQuality:1]]
[2019.11.12-05.06.38:279][  0]LogConfig: Setting CVar [[r.FastBlurThreshold:0]]
[2019.11.12-05.06.38:279][  0]LogConfig: Setting CVar [[r.Upscale.Quality:3]]
[2019.11.12-05.06.38:279][  0]LogConfig: Setting CVar [[r.Tonemapper.GrainQuantization:1]]
[2019.11.12-05.06.38:279][  0]LogConfig: Setting CVar [[r.LightShaftQuality:1]]
[2019.11.12-05.06.38:279][  0]LogConfig: Setting CVar [[r.Filter.SizeScale:1]]
[2019.11.12-05.06.38:279][  0]LogConfig: Setting CVar [[r.Tonemapper.Quality:5]]
[2019.11.12-05.06.38:279][  0]LogConfig: Setting CVar [[r.DOF.Gather.AccumulatorQuality:1        ; higher gathering accumulator quality]]
[2019.11.12-05.06.38:279][  0]LogConfig: Setting CVar [[r.DOF.Gather.PostfilterMethod:1          ; Median3x3 postfilering method]]
[2019.11.12-05.06.38:279][  0]LogConfig: Setting CVar [[r.DOF.Gather.EnableBokehSettings:0       ; no bokeh simulation when gathering]]
[2019.11.12-05.06.38:279][  0]LogConfig: Setting CVar [[r.DOF.Gather.RingCount:4                 ; medium number of samples when gathering]]
[2019.11.12-05.06.38:279][  0]LogConfig: Setting CVar [[r.DOF.Scatter.ForegroundCompositing:1    ; additive foreground scattering]]
[2019.11.12-05.06.38:279][  0]LogConfig: Setting CVar [[r.DOF.Scatter.BackgroundCompositing:2    ; additive background scattering]]
[2019.11.12-05.06.38:279][  0]LogConfig: Setting CVar [[r.DOF.Scatter.EnableBokehSettings:1      ; bokeh simulation when scattering]]
[2019.11.12-05.06.38:279][  0]LogConfig: Setting CVar [[r.DOF.Scatter.MaxSpriteRatio:0.1         ; only a maximum of 10% of scattered bokeh]]
[2019.11.12-05.06.38:279][  0]LogConfig: Setting CVar [[r.DOF.Recombine.Quality:1                ; cheap slight out of focus]]
[2019.11.12-05.06.38:279][  0]LogConfig: Setting CVar [[r.DOF.Recombine.EnableBokehSettings:0    ; no bokeh simulation on slight out of focus]]
[2019.11.12-05.06.38:279][  0]LogConfig: Setting CVar [[r.DOF.TemporalAAQuality:1                ; more stable temporal accumulation]]
[2019.11.12-05.06.38:279][  0]LogConfig: Setting CVar [[r.DOF.Kernel.MaxForegroundRadius:0.025]]
[2019.11.12-05.06.38:279][  0]LogConfig: Setting CVar [[r.DOF.Kernel.MaxBackgroundRadius:0.025]]
[2019.11.12-05.06.38:279][  0]LogConfig: Applying CVar settings from Section [TextureQuality@3] File [C:/Users/stl/Documents/Unreal Projects/SinPausaBuild/Saved/Config/Windows/Scalability.ini]
[2019.11.12-05.06.38:279][  0]LogConfig: Setting CVar [[r.Streaming.MipBias:0]]
[2019.11.12-05.06.38:279][  0]LogConfig: Setting CVar [[r.Streaming.AmortizeCPUToGPUCopy:0]]
[2019.11.12-05.06.38:280][  0]LogConfig: Setting CVar [[r.Streaming.MaxNumTexturesToStreamPerFrame:0]]
[2019.11.12-05.06.38:280][  0]LogConfig: Setting CVar [[r.Streaming.Boost:1]]
[2019.11.12-05.06.38:280][  0]LogConfig: Setting CVar [[r.MaxAnisotropy:8]]
[2019.11.12-05.06.38:280][  0]LogConfig: Setting CVar [[r.Streaming.LimitPoolSizeToVRAM:0]]
[2019.11.12-05.06.38:280][  0]LogConfig: Setting CVar [[r.Streaming.PoolSize:1000]]
[2019.11.12-05.06.38:280][  0]LogConfig: Setting CVar [[r.Streaming.MaxEffectiveScreenSize:0]]
[2019.11.12-05.06.38:280][  0]LogConfig: Applying CVar settings from Section [EffectsQuality@3] File [C:/Users/stl/Documents/Unreal Projects/SinPausaBuild/Saved/Config/Windows/Scalability.ini]
[2019.11.12-05.06.38:280][  0]LogConfig: Setting CVar [[r.TranslucencyLightingVolumeDim:4]]
[2019.11.12-05.06.38:280][  0]LogConfig: Setting CVar [[r.RefractionQuality:2]]
[2019.11.12-05.06.38:280][  0]LogConfig: Setting CVar [[r.SSR.Quality:0]]
[2019.11.12-05.06.38:280][  0]LogConfig: Setting CVar [[r.SceneColorFormat:2]]
[2019.11.12-05.06.38:280][  0]LogConfig: Setting CVar [[r.DetailMode:2]]
[2019.11.12-05.06.38:280][  0]LogConfig: Setting CVar [[r.TranslucencyVolumeBlur:0]]
[2019.11.12-05.06.38:280][  0]LogConfig: Setting CVar [[r.MaterialQualityLevel:1 ; High quality]]
[2019.11.12-05.06.38:280][  0]LogConfig: Setting CVar [[r.SSS.Scale:1]]
[2019.11.12-05.06.38:280][  0]LogConfig: Setting CVar [[r.SSS.SampleSet:2]]
[2019.11.12-05.06.38:280][  0]LogConfig: Setting CVar [[r.SSS.Quality:1]]
[2019.11.12-05.06.38:280][  0]LogConfig: Setting CVar [[r.SSS.HalfRes:1]]
[2019.11.12-05.06.38:280][  0]LogConfig: Setting CVar [[r.EmitterSpawnRateScale:1.0]]
[2019.11.12-05.06.38:280][  0]LogConfig: Setting CVar [[r.ParticleLightQuality:2]]
[2019.11.12-05.06.38:280][  0]LogConfig: Applying CVar settings from Section [FoliageQuality@3] File [C:/Users/stl/Documents/Unreal Projects/SinPausaBuild/Saved/Config/Windows/Scalability.ini]
[2019.11.12-05.06.38:280][  0]LogConfig: Setting CVar [[foliage.DensityScale:1.0]]
[2019.11.12-05.06.38:280][  0]LogConfig: Setting CVar [[grass.DensityScale:1.0]]
[2019.11.12-05.06.38:280][  0]LogConfig: Applying CVar settings from Section [Startup] File [../../../Engine/Config/ConsoleVariables.ini]
[2019.11.12-05.06.38:280][  0]LogConfig: Setting CVar [[net.UseAdaptiveNetUpdateFrequency:0]]
[2019.11.12-05.06.38:280][  0]LogConfig: Setting CVar [[p.chaos.AllowCreatePhysxBodies:1]]
[2019.11.12-05.06.38:280][  0]LogConfig: Applying CVar settings from Section [ConsoleVariables] File [C:/Users/stl/Documents/Unreal Projects/SinPausaBuild/Saved/Config/Windows/Engine.ini]
[2019.11.12-05.06.38:280][  0]LogInit: Computer: DESKTOP-9GHUJLR
[2019.11.12-05.06.38:280][  0]LogInit: User: stl
[2019.11.12-05.06.38:280][  0]LogInit: CPU Page size=4096, Cores=8
[2019.11.12-05.06.38:280][  0]LogInit: High frequency timer resolution =10.000000 MHz
[2019.11.12-05.06.38:280][  0]LogMemory: Memory total: Physical=15.9GB (16GB approx)
[2019.11.12-05.06.38:280][  0]LogMemory: Platform Memory Stats for Windows
[2019.11.12-05.06.38:280][  0]LogMemory: Process Physical Memory: 102.64 MB used, 102.65 MB peak
[2019.11.12-05.06.38:280][  0]LogMemory: Process Virtual Memory: 92.29 MB used, 92.29 MB peak
[2019.11.12-05.06.38:280][  0]LogMemory: Physical Memory: 8154.69 MB used,  8164.17 MB free, 16318.86 MB total
[2019.11.12-05.06.38:280][  0]LogMemory: Virtual Memory: 4694.45 MB used,  134213032.00 MB free, 134217728.00 MB total
[2019.11.12-05.06.38:290][  0]LogInit: Using OS detected language (ko-KR).
[2019.11.12-05.06.38:290][  0]LogInit: Using OS detected locale (ko-KR).
[2019.11.12-05.06.38:291][  0]LogTextLocalizationManager: No specific localization for 'ko-KR' exists, so the 'ko' localization will be used.
[2019.11.12-05.06.38:351][  0]LogInit: Setting process to per monitor DPI aware
[2019.11.12-05.06.38:381][  0]LogSlate: New Slate User Created.  User Index 0, Is Virtual User: 0
[2019.11.12-05.06.38:381][  0]LogSlate: Slate User Registered.  User Index 0, Is Virtual User: 0
[2019.11.12-05.06.38:504][  0]LogHMD: Failed to initialize OpenVR with code 110
[2019.11.12-05.06.38:504][  0]LogD3D11RHI: D3D11 adapters:
[2019.11.12-05.06.38:582][  0]LogD3D11RHI:    0. 'NVIDIA GeForce GTX 1660' (Feature Level 11_0)
[2019.11.12-05.06.38:582][  0]LogD3D11RHI:       5991/0/8159 MB DedicatedVideo/DedicatedSystem/SharedSystem, Outputs:1, VendorId:0x10de
[2019.11.12-05.06.38:585][  0]LogD3D11RHI:    1. 'Microsoft Basic Render Driver' (Feature Level 11_0)
[2019.11.12-05.06.38:585][  0]LogD3D11RHI:       0/0/8159 MB DedicatedVideo/DedicatedSystem/SharedSystem, Outputs:0, VendorId:0x1414
[2019.11.12-05.06.38:585][  0]LogD3D11RHI: Chosen D3D11 Adapter: 0
[2019.11.12-05.06.38:590][  0]LogD3D11RHI: Creating new Direct3DDevice
[2019.11.12-05.06.38:590][  0]LogD3D11RHI:     GPU DeviceId: 0x2184 (for the marketing name, search the web for "GPU Device Id")
[2019.11.12-05.06.38:590][  0]LogWindows: EnumDisplayDevices:
[2019.11.12-05.06.38:590][  0]LogWindows:    0. 'NVIDIA GeForce GTX 1660' (P:1 D:1)
[2019.11.12-05.06.38:591][  0]LogWindows:    1. 'NVIDIA GeForce GTX 1660' (P:0 D:0)
[2019.11.12-05.06.38:591][  0]LogWindows:    2. 'NVIDIA GeForce GTX 1660' (P:0 D:0)
[2019.11.12-05.06.38:591][  0]LogWindows:    3. 'NVIDIA GeForce GTX 1660' (P:0 D:0)
[2019.11.12-05.06.38:591][  0]LogWindows: DebugString: FoundDriverCount:4 
[2019.11.12-05.06.38:591][  0]LogD3D11RHI:     Adapter Name: NVIDIA GeForce GTX 1660
[2019.11.12-05.06.38:591][  0]LogD3D11RHI:   Driver Version: 430.86 (internal:26.21.14.3086, unified:430.86)
[2019.11.12-05.06.38:591][  0]LogD3D11RHI:      Driver Date: 5-22-2019
[2019.11.12-05.06.38:591][  0]LogRHI: Texture pool is 4193 MB (70% of 5991 MB)
[2019.11.12-05.06.38:624][  0]LogD3D11RHI: Async texture creation enabled
[2019.11.12-05.06.38:627][  0]LogRendererCore: FGlobalReadBuffer::InitRHI
[2019.11.12-05.06.38:627][  0]LogRendererCore: FGlobalReadBuffer::InitRHI
[2019.11.12-05.06.38:627][  0]LogRendererCore: FGlobalReadBuffer::InitRHI
[2019.11.12-05.06.38:634][  0]LogD3D11RHI: GPU Timing Frequency: 1000.000000 (Debug: 2 1)
[2019.11.12-05.06.38:869][  0]LogTemp: Display: Module 'AllDesktopTargetPlatform' loaded TargetPlatform 'AllDesktop'
[2019.11.12-05.06.38:881][  0]LogTemp: Display: Module 'MacClientTargetPlatform' loaded TargetPlatform 'MacClient'
[2019.11.12-05.06.38:895][  0]LogTemp: Display: Module 'MacNoEditorTargetPlatform' loaded TargetPlatform 'MacNoEditor'
[2019.11.12-05.06.38:908][  0]LogTemp: Display: Module 'MacServerTargetPlatform' loaded TargetPlatform 'MacServer'
[2019.11.12-05.06.38:921][  0]LogTemp: Display: Module 'MacTargetPlatform' loaded TargetPlatform 'Mac'
[2019.11.12-05.06.38:934][  0]LogTemp: Display: Module 'WindowsClientTargetPlatform' loaded TargetPlatform 'WindowsClient'
[2019.11.12-05.06.38:947][  0]LogTemp: Display: Module 'WindowsNoEditorTargetPlatform' loaded TargetPlatform 'WindowsNoEditor'
[2019.11.12-05.06.38:959][  0]LogTemp: Display: Module 'WindowsServerTargetPlatform' loaded TargetPlatform 'WindowsServer'
[2019.11.12-05.06.38:965][  0]LogTemp: Display: Module 'WindowsTargetPlatform' loaded TargetPlatform 'Windows'
[2019.11.12-05.06.39:041][  0]LogTemp: Display: Module 'AndroidTargetPlatform' loaded TargetPlatform 'Android'
[2019.11.12-05.06.39:041][  0]LogTemp: Display: Module 'AndroidTargetPlatform' loaded TargetPlatform 'Android_ASTC'
[2019.11.12-05.06.39:041][  0]LogTemp: Display: Module 'AndroidTargetPlatform' loaded TargetPlatform 'Android_ATC'
[2019.11.12-05.06.39:041][  0]LogTemp: Display: Module 'AndroidTargetPlatform' loaded TargetPlatform 'Android_DXT'
[2019.11.12-05.06.39:041][  0]LogTemp: Display: Module 'AndroidTargetPlatform' loaded TargetPlatform 'Android_ETC1'
[2019.11.12-05.06.39:041][  0]LogTemp: Display: Module 'AndroidTargetPlatform' loaded TargetPlatform 'Android_ETC1a'
[2019.11.12-05.06.39:041][  0]LogTemp: Display: Module 'AndroidTargetPlatform' loaded TargetPlatform 'Android_ETC2'
[2019.11.12-05.06.39:041][  0]LogTemp: Display: Module 'AndroidTargetPlatform' loaded TargetPlatform 'Android_PVRTC'
[2019.11.12-05.06.39:041][  0]LogTemp: Display: Module 'AndroidTargetPlatform' loaded TargetPlatform 'AndroidClient'
[2019.11.12-05.06.39:041][  0]LogTemp: Display: Module 'AndroidTargetPlatform' loaded TargetPlatform 'Android_ASTCClient'
[2019.11.12-05.06.39:041][  0]LogTemp: Display: Module 'AndroidTargetPlatform' loaded TargetPlatform 'Android_ATCClient'
[2019.11.12-05.06.39:041][  0]LogTemp: Display: Module 'AndroidTargetPlatform' loaded TargetPlatform 'Android_DXTClient'
[2019.11.12-05.06.39:041][  0]LogTemp: Display: Module 'AndroidTargetPlatform' loaded TargetPlatform 'Android_ETC1Client'
[2019.11.12-05.06.39:041][  0]LogTemp: Display: Module 'AndroidTargetPlatform' loaded TargetPlatform 'Android_ETC1aClient'
[2019.11.12-05.06.39:041][  0]LogTemp: Display: Module 'AndroidTargetPlatform' loaded TargetPlatform 'Android_ETC2Client'
[2019.11.12-05.06.39:041][  0]LogTemp: Display: Module 'AndroidTargetPlatform' loaded TargetPlatform 'Android_PVRTCClient'
[2019.11.12-05.06.39:041][  0]LogTemp: Display: Module 'AndroidTargetPlatform' loaded TargetPlatform 'Android_Multi'
[2019.11.12-05.06.39:041][  0]LogTemp: Display: Module 'AndroidTargetPlatform' loaded TargetPlatform 'Android_MultiClient'
[2019.11.12-05.06.39:043][  0]LogTemp: Display: Module 'HTML5TargetPlatform' loaded TargetPlatform 'HTML5'
[2019.11.12-05.06.39:089][  0]LogTemp: Display: Module 'IOSTargetPlatform' loaded TargetPlatform 'IOSClient'
[2019.11.12-05.06.39:089][  0]LogTemp: Display: Module 'IOSTargetPlatform' loaded TargetPlatform 'IOS'
[2019.11.12-05.06.39:111][  0]LogTemp: Display: Module 'TVOSTargetPlatform' loaded TargetPlatform 'TVOSClient'
[2019.11.12-05.06.39:111][  0]LogTemp: Display: Module 'TVOSTargetPlatform' loaded TargetPlatform 'TVOS'
[2019.11.12-05.06.39:122][  0]LogTemp: Display: Module 'LinuxClientTargetPlatform' loaded TargetPlatform 'LinuxClient'
[2019.11.12-05.06.39:134][  0]LogTemp: Display: Module 'LinuxNoEditorTargetPlatform' loaded TargetPlatform 'LinuxNoEditor'
[2019.11.12-05.06.39:146][  0]LogTemp: Display: Module 'LinuxServerTargetPlatform' loaded TargetPlatform 'LinuxServer'
[2019.11.12-05.06.39:157][  0]LogTemp: Display: Module 'LinuxTargetPlatform' loaded TargetPlatform 'Linux'
[2019.11.12-05.06.39:199][  0]LogTemp: Display: Module 'LuminTargetPlatform' loaded TargetPlatform 'Lumin'
[2019.11.12-05.06.39:199][  0]LogTemp: Display: Module 'LuminTargetPlatform' loaded TargetPlatform 'LuminClient'
[2019.11.12-05.06.39:199][  0]LogTargetPlatformManager: Display: Building Assets For Windows
[2019.11.12-05.06.39:206][  0]LogAudioDebug: Display: Lib vorbis DLL was dynamically loaded.
[2019.11.12-05.06.39:242][  0]LogShaderCompilers: Guid format shader working directory is -24 characters bigger than the processId version (../../../../../../Users/stl/Documents/Unreal Projects/SinPausaBuild/Intermediate/Shaders/WorkingDirectory/12836/).
[2019.11.12-05.06.39:242][  0]LogShaderCompilers: Cleaned the shader compiler working directory 'C:/Users/stl/AppData/Local/Temp/UnrealShaderWorkingDir/0A6E2357483D4B0A16808395D85CF8D8/'.
[2019.11.12-05.06.39:244][  0]LogXGEController: Cannot use XGE Controller as Incredibuild is not installed on this machine.
[2019.11.12-05.06.39:244][  0]LogShaderCompilers: Cannot use XGE Shader Compiler as Incredibuild is not installed on this machine.
[2019.11.12-05.06.39:244][  0]LogShaderCompilers: Display: Using Local Shader Compiler.
[2019.11.12-05.06.39:642][  0]LogDerivedDataCache: Display: Max Cache Size: 512 MB
[2019.11.12-05.06.39:679][  0]LogDerivedDataCache: Loaded boot cache 0.04s 90MB C:/Users/stl/AppData/Local/UnrealEngine/4.22/DerivedDataCache/Boot.ddc.
[2019.11.12-05.06.39:679][  0]LogDerivedDataCache: Display: Loaded Boot cache: C:/Users/stl/AppData/Local/UnrealEngine/4.22/DerivedDataCache/Boot.ddc
[2019.11.12-05.06.39:680][  0]LogDerivedDataCache: FDerivedDataBackendGraph:  Pak pak cache file ../../../../../../Users/stl/Documents/Unreal Projects/SinPausaBuild/DerivedDataCache/DDC.ddp not found, will not use a pak cache.
[2019.11.12-05.06.39:680][  0]LogDerivedDataCache: Unable to find inner node Pak for hierarchical cache Hierarchy.
[2019.11.12-05.06.39:680][  0]LogDerivedDataCache: FDerivedDataBackendGraph:  CompressedPak pak cache file ../../../../../../Users/stl/Documents/Unreal Projects/SinPausaBuild/DerivedDataCache/Compressed.ddp not found, will not use a pak cache.
[2019.11.12-05.06.39:680][  0]LogDerivedDataCache: Unable to find inner node CompressedPak for hierarchical cache Hierarchy.
[2019.11.12-05.06.39:691][  0]LogDerivedDataCache: Display: Pak cache opened for reading ../../../Engine/DerivedDataCache/Compressed.ddp.
[2019.11.12-05.06.39:691][  0]LogDerivedDataCache: FDerivedDataBackendGraph:  EnterprisePak pak cache file ../../../Enterprise/DerivedDataCache/Compressed.ddp not found, will not use a pak cache.
[2019.11.12-05.06.39:691][  0]LogDerivedDataCache: Unable to find inner node EnterprisePak for hierarchical cache Hierarchy.
[2019.11.12-05.06.39:704][  0]LogDerivedDataCache: Using Local data cache path C:/Users/stl/AppData/Local/UnrealEngine/Common/DerivedDataCache: Writable
[2019.11.12-05.06.39:704][  0]LogDerivedDataCache: Shared data cache path not found in *engine.ini, will not use an Shared cache.
[2019.11.12-05.06.39:704][  0]LogDerivedDataCache: Unable to find inner node Shared for hierarchical cache Hierarchy.
[2019.11.12-05.06.39:792][  0]LogMaterial: Verifying Global Shaders for PCD3D_SM5
[2019.11.12-05.06.39:793][  0]LogSlate: Using FreeType 2.6.0
[2019.11.12-05.06.39:793][  0]LogSlate: SlateFontServices - WITH_FREETYPE: 1, WITH_HARFBUZZ: 1
[2019.11.12-05.06.39:863][  0]LogAssetRegistry: FAssetRegistry took 0.0323 seconds to start up
[2019.11.12-05.06.40:139][  0]LogInit: Selected Device Profile: [Windows]
[2019.11.12-05.06.40:262][  0]LogMeshReduction: Using QuadricMeshReduction for automatic static mesh reduction
[2019.11.12-05.06.40:262][  0]LogMeshReduction: Using SimplygonMeshReduction for automatic skeletal mesh reduction
[2019.11.12-05.06.40:262][  0]LogMeshReduction: Using ProxyLODMeshReduction for automatic mesh merging
[2019.11.12-05.06.40:262][  0]LogMeshReduction: No distributed automatic mesh merging module available
[2019.11.12-05.06.40:262][  0]LogMeshMerging: No distributed automatic mesh merging module available
[2019.11.12-05.06.40:278][  0]LogNetVersion: SinPausaBuild 1.0.0, NetCL: 5660361, EngineNetVer: 10, GameNetVer: 0 (Checksum: 840947319)
[2019.11.12-05.06.40:681][  0]LogPackageLocalizationCache: Processed 10 localized package path(s) for 1 prioritized culture(s) in 0.034395 seconds
[2019.11.12-05.06.40:687][  0]LogUObjectArray: 42205 objects as part of root set at end of initial load.
[2019.11.12-05.06.40:687][  0]LogUObjectAllocator: 7325032 out of 0 bytes used by permanent object pool.
[2019.11.12-05.06.40:687][  0]LogUObjectArray: CloseDisregardForGC: 0/0 objects in disregard for GC pool
[2019.11.12-05.06.41:171][  0]LogMaterial: Display: Missing cached shader map for material BaseColor, compiling. 
[2019.11.12-05.06.41:171][  0]LogMaterial: Warning: C:\Program Files\Epic Games\UE_4.22\Engine\Content\BufferVisualization\BaseColor.uasset: Failed to compile Material for platform PCD3D_SM5, Default Material will be used in game.
[2019.11.12-05.06.41:171][  0]LogMaterial: 	(Node SceneTexture) GBuffer scene textures not available with forward shading.
[2019.11.12-05.06.41:205][  0]LogMaterial: Display: Missing cached shader map for material LightingModel, compiling. 
[2019.11.12-05.06.41:206][  0]LogMaterial: Warning: C:\Program Files\Epic Games\UE_4.22\Engine\Content\BufferVisualization\LightingModel.uasset: Failed to compile Material for platform PCD3D_SM5, Default Material will be used in game.
[2019.11.12-05.06.41:206][  0]LogMaterial: 	(Node SceneTexture) GBuffer scene textures not available with forward shading.
[2019.11.12-05.06.41:208][  0]LogMaterial: Display: Missing cached shader map for material MaterialAO, compiling. 
[2019.11.12-05.06.41:208][  0]LogMaterial: Warning: C:\Program Files\Epic Games\UE_4.22\Engine\Content\BufferVisualization\MaterialAO.uasset: Failed to compile Material for platform PCD3D_SM5, Default Material will be used in game.
[2019.11.12-05.06.41:208][  0]LogMaterial: 	(Node SceneTexture) GBuffer scene textures not available with forward shading.
[2019.11.12-05.06.41:209][  0]LogMaterial: Display: Missing cached shader map for material Metallic, compiling. 
[2019.11.12-05.06.41:209][  0]LogMaterial: Warning: C:\Program Files\Epic Games\UE_4.22\Engine\Content\BufferVisualization\Metallic.uasset: Failed to compile Material for platform PCD3D_SM5, Default Material will be used in game.
[2019.11.12-05.06.41:209][  0]LogMaterial: 	(Node SceneTexture) GBuffer scene textures not available with forward shading.
[2019.11.12-05.06.41:211][  0]LogMaterial: Display: Missing cached shader map for material Opacity, compiling. 
[2019.11.12-05.06.41:211][  0]LogMaterial: Warning: C:\Program Files\Epic Games\UE_4.22\Engine\Content\BufferVisualization\Opacity.uasset: Failed to compile Material for platform PCD3D_SM5, Default Material will be used in game.
[2019.11.12-05.06.41:211][  0]LogMaterial: 	(Node SceneTexture) GBuffer scene textures not available with forward shading.
[2019.11.12-05.06.41:213][  0]LogMaterial: Display: Missing cached shader map for material Roughness, compiling. 
[2019.11.12-05.06.41:213][  0]LogMaterial: Warning: C:\Program Files\Epic Games\UE_4.22\Engine\Content\BufferVisualization\Roughness.uasset: Failed to compile Material for platform PCD3D_SM5, Default Material will be used in game.
[2019.11.12-05.06.41:213][  0]LogMaterial: 	(Node SceneTexture) GBuffer scene textures not available with forward shading.
[2019.11.12-05.06.41:250][  0]LogMaterial: Display: Missing cached shader map for material Specular, compiling. 
[2019.11.12-05.06.41:250][  0]LogMaterial: Warning: C:\Program Files\Epic Games\UE_4.22\Engine\Content\BufferVisualization\Specular.uasset: Failed to compile Material for platform PCD3D_SM5, Default Material will be used in game.
[2019.11.12-05.06.41:250][  0]LogMaterial: 	(Node SceneTexture) GBuffer scene textures not available with forward shading.
[2019.11.12-05.06.41:251][  0]LogMaterial: Display: Missing cached shader map for material SubsurfaceColor, compiling. 
[2019.11.12-05.06.41:251][  0]LogMaterial: Warning: C:\Program Files\Epic Games\UE_4.22\Engine\Content\BufferVisualization\SubsurfaceColor.uasset: Failed to compile Material for platform PCD3D_SM5, Default Material will be used in game.
[2019.11.12-05.06.41:251][  0]LogMaterial: 	(Node SceneTexture) GBuffer scene textures not available with forward shading.
[2019.11.12-05.06.41:253][  0]LogMaterial: Display: Missing cached shader map for material WorldNormal, compiling. 
[2019.11.12-05.06.41:253][  0]LogMaterial: Warning: C:\Program Files\Epic Games\UE_4.22\Engine\Content\BufferVisualization\WorldNormal.uasset: Failed to compile Material for platform PCD3D_SM5, Default Material will be used in game.
[2019.11.12-05.06.41:253][  0]LogMaterial: 	(Node SceneTexture) GBuffer scene textures not available with forward shading.
[2019.11.12-05.06.41:284][  0]LogMaterial: Display: Missing cached shader map for material Velocity, compiling. 
[2019.11.12-05.06.41:284][  0]LogMaterial: Warning: C:\Program Files\Epic Games\UE_4.22\Engine\Content\BufferVisualization\Velocity.uasset: Failed to compile Material for platform PCD3D_SM5, Default Material will be used in game.
[2019.11.12-05.06.41:284][  0]LogMaterial: 	(Node SceneTexture) GBuffer scene textures not available with forward shading.
[2019.11.12-05.06.41:333][  0]LogTcpMessaging: Initializing TcpMessaging bridge
[2019.11.12-05.06.41:345][  0]LogUdpMessaging: Initializing bridge on interface 0.0.0.0:0 to multicast group 230.0.0.1:6666.
[2019.11.12-05.06.41:444][  0]SourceControl: 소스 컨트롤이 꺼져 있습니다.
[2019.11.12-05.06.41:444][  0]SourceControl: 소스 컨트롤이 꺼져 있습니다.
[2019.11.12-05.06.41:444][  0]SourceControl: 소스 컨트롤이 꺼져 있습니다.
[2019.11.12-05.06.41:444][  0]SourceControl: 소스 컨트롤이 꺼져 있습니다.
[2019.11.12-05.06.41:499][  0]LogAndroidPermission: UAndroidPermissionCallbackProxy::GetInstance
[2019.11.12-05.06.41:558][  0]LogOcInput: OculusInput pre-init called
[2019.11.12-05.06.42:080][  0]LogEngine: Initializing Engine...
[2019.11.12-05.06.42:080][  0]LogHMD: Failed to initialize OpenVR with code 110
[2019.11.12-05.06.42:081][  0]LogStats: UGameplayTagsManager::InitializeManager -  0.000 s
[2019.11.12-05.06.42:368][  0]LogInit: Initializing FReadOnlyCVARCache
[2019.11.12-05.06.42:379][  0]LogAIModule: Creating AISystem for world Untitled
[2019.11.12-05.06.42:390][  0]LogInit: XAudio2 using 'LG FULL HD(2- NVIDIA High Definition Audio)' : 2 channels at 48 kHz using 16 bits per sample (channel mask 0x3)
[2019.11.12-05.06.42:401][  0]LogInit: FAudioDevice initialized.
[2019.11.12-05.06.42:401][  0]LogNetVersion: Set ProjectVersion to 1.0.0.0. Version Checksum will be recalculated on next use.
[2019.11.12-05.06.42:449][  0]LogDerivedDataCache: Saved boot cache 0.05s 90MB C:/Users/stl/AppData/Local/UnrealEngine/4.22/DerivedDataCache/Boot.ddc.
[2019.11.12-05.06.42:457][  0]LogInit: Texture streaming: Enabled
[2019.11.12-05.06.42:471][  0]LogEngineSessionManager: EngineSessionManager initialized
[2019.11.12-05.06.42:493][  0]LogInit: Transaction tracking system initialized
[2019.11.12-05.06.42:511][  0]BlueprintLog: New page: 에디터 로드
[2019.11.12-05.06.42:575][  0]LocalizationService: 현지화 서비스가 비활성화되었습니다.
[2019.11.12-05.06.42:804][  0]LogFileCache: Scanning file cache for directory 'C:/Users/stl/Documents/Unreal Projects/SinPausaBuild/Content/' took 0.02s
[2019.11.12-05.06.42:804][  0]LogCook: Display: Max memory allowance for cook 16384mb min free memory 0mb
[2019.11.12-05.06.42:804][  0]LogCook: Display: Mobile HDR setting 1
[2019.11.12-05.06.42:933][  0]SourceControl: 소스 컨트롤이 꺼져 있습니다.
[2019.11.12-05.06.42:933][  0]Cmd: MAP LOAD FILE="../../../../../../Users/stl/Documents/Unreal Projects/SinPausaBuild/Content/Maps/TEST1.umap" TEMPLATE=0 SHOWPROGRESS=1 FEATURELEVEL=3
[2019.11.12-05.06.42:934][  0]LightingResults: New page: 라이팅 빌드
[2019.11.12-05.06.42:936][  0]MapCheck: New page: 맵 체크
[2019.11.12-05.06.42:936][  0]LightingResults: New page: 라이팅 빌드
[2019.11.12-05.06.42:960][  0]LogUObjectHash: Compacting FUObjectHashTables data took   1.42ms
[2019.11.12-05.06.45:853][  0]LogAIModule: Creating AISystem for world TEST1
[2019.11.12-05.06.45:867][  0]LogEditorServer: Finished looking for orphan Actors (0.000 secs)
[2019.11.12-05.06.45:918][  0]LogUObjectHash: Compacting FUObjectHashTables data took   3.60ms
[2019.11.12-05.06.45:918][  0]Cmd: MAP CHECKDEP NOCLEARLOG
[2019.11.12-05.06.45:918][  0]MapCheck: 맵 체크 완료: 오류 0 회, 경고 0 회, 소요 시간 0.205ms.
[2019.11.12-05.06.45:919][  0]LogFileHelpers: Loading map 'TEST1' took 2.984
[2019.11.12-05.06.45:996][  0]LogSlate: Updating window title bar state: overlay mode, drag disabled, window buttons hidden, title bar hidden
[2019.11.12-05.06.46:003][  0]LogSlate: Updating window title bar state: overlay mode, drag disabled, window buttons hidden, title bar hidden
[2019.11.12-05.06.46:008][  0]LogSlate: Updating window title bar state: overlay mode, drag disabled, window buttons hidden, title bar hidden
[2019.11.12-05.06.46:014][  0]LogSlate: Updating window title bar state: overlay mode, drag disabled, window buttons hidden, title bar hidden
[2019.11.12-05.06.46:019][  0]LogCollectionManager: Loaded 0 collections in 0.001204 seconds
[2019.11.12-05.06.46:046][  0]LogFileCache: Scanning file cache for directory 'C:/Users/stl/Documents/Unreal Projects/SinPausaBuild/Saved/Collections/' took 0.01s
[2019.11.12-05.06.46:046][  0]LogFileCache: Scanning file cache for directory 'C:/Users/stl/Documents/Unreal Projects/SinPausaBuild/Content/Developers/stl/Collections/' took 0.00s
[2019.11.12-05.06.46:046][  0]LogFileCache: Scanning file cache for directory 'C:/Users/stl/Documents/Unreal Projects/SinPausaBuild/Content/Collections/' took 0.01s
[2019.11.12-05.06.46:046][  0]LogCollectionManager: Rebuilt the GUID cache for 0 collections in 0.000000 seconds
[2019.11.12-05.06.46:054][  0]LogContentBrowser: Native class hierarchy populated in 0.0078 seconds. Added 2732 classes and 659 folders.
[2019.11.12-05.06.46:058][  0]LogContentBrowser: Native class hierarchy updated for 'WidgetCarousel' in 0.0002 seconds. Added 0 classes and 0 folders.
[2019.11.12-05.06.46:059][  0]LogPakFile: Registered encryption key '00000000000000000000000000000000': 0 pak files mounted, 0 remain pending
[2019.11.12-05.06.46:060][  0]LogPakFile: Registered encryption key '00000000000000000000000000000000': 0 pak files mounted, 0 remain pending
[2019.11.12-05.06.46:060][  0]LogPakFile: Registered encryption key '00000000000000000000000000000000': 0 pak files mounted, 0 remain pending
[2019.11.12-05.06.46:060][  0]LogPakFile: Registered encryption key '00000000000000000000000000000000': 0 pak files mounted, 0 remain pending
[2019.11.12-05.06.46:061][  0]LogPakFile: Registered encryption key '00000000000000000000000000000000': 0 pak files mounted, 0 remain pending
[2019.11.12-05.06.46:061][  0]LogPakFile: Registered encryption key '00000000000000000000000000000000': 0 pak files mounted, 0 remain pending
[2019.11.12-05.06.46:061][  0]LogPakFile: Registered encryption key '00000000000000000000000000000000': 0 pak files mounted, 0 remain pending
[2019.11.12-05.06.46:062][  0]LogPakFile: Registered encryption key '00000000000000000000000000000000': 0 pak files mounted, 0 remain pending
[2019.11.12-05.06.46:062][  0]LogPakFile: Registered encryption key '00000000000000000000000000000000': 0 pak files mounted, 0 remain pending
[2019.11.12-05.06.46:062][  0]LogPakFile: Registered encryption key '00000000000000000000000000000000': 0 pak files mounted, 0 remain pending
[2019.11.12-05.06.46:063][  0]LogPakFile: Registered encryption key '00000000000000000000000000000000': 0 pak files mounted, 0 remain pending
[2019.11.12-05.06.46:063][  0]LogPakFile: Registered encryption key '00000000000000000000000000000000': 0 pak files mounted, 0 remain pending
[2019.11.12-05.06.46:063][  0]LogPakFile: Registered encryption key '00000000000000000000000000000000': 0 pak files mounted, 0 remain pending
[2019.11.12-05.06.46:064][  0]LogPakFile: Registered encryption key '00000000000000000000000000000000': 0 pak files mounted, 0 remain pending
[2019.11.12-05.06.46:064][  0]LogPakFile: Registered encryption key '00000000000000000000000000000000': 0 pak files mounted, 0 remain pending
[2019.11.12-05.06.46:064][  0]LogPakFile: Registered encryption key '00000000000000000000000000000000': 0 pak files mounted, 0 remain pending
[2019.11.12-05.06.46:065][  0]LogPakFile: Registered encryption key '00000000000000000000000000000000': 0 pak files mounted, 0 remain pending
[2019.11.12-05.06.46:065][  0]LogPakFile: Registered encryption key '00000000000000000000000000000000': 0 pak files mounted, 0 remain pending
[2019.11.12-05.06.46:065][  0]LogPakFile: Registered encryption key '00000000000000000000000000000000': 0 pak files mounted, 0 remain pending
[2019.11.12-05.06.46:066][  0]LogPakFile: Registered encryption key '00000000000000000000000000000000': 0 pak files mounted, 0 remain pending
[2019.11.12-05.06.46:066][  0]LogPakFile: Registered encryption key '00000000000000000000000000000000': 0 pak files mounted, 0 remain pending
[2019.11.12-05.06.46:066][  0]LogPakFile: Registered encryption key '00000000000000000000000000000000': 0 pak files mounted, 0 remain pending
[2019.11.12-05.06.46:067][  0]LogPakFile: Registered encryption key '00000000000000000000000000000000': 0 pak files mounted, 0 remain pending
[2019.11.12-05.06.46:067][  0]LogPakFile: Registered encryption key '00000000000000000000000000000000': 0 pak files mounted, 0 remain pending
[2019.11.12-05.06.46:067][  0]LogPakFile: Registered encryption key '00000000000000000000000000000000': 0 pak files mounted, 0 remain pending
[2019.11.12-05.06.46:068][  0]LogPakFile: Registered encryption key '00000000000000000000000000000000': 0 pak files mounted, 0 remain pending
[2019.11.12-05.06.46:085][  0]LogContentBrowser: Native class hierarchy updated for 'AddContentDialog' in 0.0002 seconds. Added 0 classes and 0 folders.
[2019.11.12-05.06.46:091][  0]LogContentBrowser: Native class hierarchy updated for 'SceneOutliner' in 0.0002 seconds. Added 1 classes and 2 folders.
[2019.11.12-05.06.46:098][  0]LogContentBrowser: Native class hierarchy updated for 'WorldBrowser' in 0.0003 seconds. Added 2 classes and 3 folders.
[2019.11.12-05.06.46:189][  0]LogSlate: Took 0.000160 seconds to synchronously load lazily loaded font '../../../Engine/Content/Slate/Fonts/Roboto-Regular.ttf' (155K)
[2019.11.12-05.06.46:191][  0]LogSlate: Took 0.001288 seconds to synchronously load lazily loaded font '../../../Engine/Content/Editor/Slate/Fonts/NanumGothic.ttf' (4243K)
[2019.11.12-05.06.46:192][  0]LogSlate: Took 0.001281 seconds to synchronously load lazily loaded font '../../../Engine/Content/Editor/Slate/Fonts/NanumGothicBold.ttf' (4188K)
[2019.11.12-05.06.46:192][  0]LogSlate: Took 0.000110 seconds to synchronously load lazily loaded font '../../../Engine/Content/Slate/Fonts/Roboto-Bold.ttf' (160K)
[2019.11.12-05.06.46:196][  0]LogSlate: Took 0.000177 seconds to synchronously load lazily loaded font '../../../Engine/Content/Editor/Slate/Fonts/FontAwesome.ttf' (139K)
[2019.11.12-05.06.46:239][  0]LogRenderer: Reallocating scene render targets to support 1208x572 Format 26 NumSamples 1 (Frame:1).
[2019.11.12-05.06.46:276][  0]LogSlate: Took 0.000123 seconds to synchronously load lazily loaded font '../../../Engine/Content/Slate/Fonts/Roboto-Light.ttf' (167K)
[2019.11.12-05.06.46:363][  0]LogContentBrowser: Native class hierarchy updated for 'HierarchicalLODOutliner' in 0.0002 seconds. Added 0 classes and 0 folders.
[2019.11.12-05.06.46:363][  0]LogLoad: (Engine Initialization) Total time: 10.33 seconds
[2019.11.12-05.06.46:363][  0]LogLoad: (Engine Initialization) Total Blueprint compile time: 0.00 seconds
[2019.11.12-05.06.46:422][  0]LogAssetRegistry: Asset discovery search completed in 6.5813 seconds
[2019.11.12-05.06.46:424][  0]LogCollectionManager: Rebuilt the object cache for 0 collections in 0.000001 seconds (found 0 objects)
[2019.11.12-05.06.46:424][  0]LogCollectionManager: Fixed up redirectors for 0 collections in 0.000035 seconds (updated 0 objects)
[2019.11.12-05.06.46:426][  0]LogContentStreaming: Texture pool size now 1000 MB
[2019.11.12-05.06.49:488][169]LogSlate: FSceneViewport::OnFocusLost() reason 0
[2019.11.12-05.06.49:563][178]LogTemp: Repeating last play command: 선택된 뷰포트
[2019.11.12-05.06.49:576][178]LogBlueprintUserMessages: Early PlayInEditor Detection: Level '/Game/Maps/TEST1.TEST1:PersistentLevel' has LevelScriptBlueprint '/Game/Maps/TEST1.TEST1:PersistentLevel.TEST1' with GeneratedClass '/Game/Maps/TEST1.TEST1_C' with ClassGeneratedBy '/Game/Maps/TEST1.TEST1:PersistentLevel.TEST1'
[2019.11.12-05.06.49:576][178]LogPlayLevel: PlayLevel: No blueprints needed recompiling
[2019.11.12-05.06.49:576][178]PIE: New page: PIE 세션: TEST1 (2019. 11. 12. 오후 11:06:49)
[2019.11.12-05.06.49:588][178]LogPlayLevel: Creating play world package: /Game/Maps/UEDPIE_0_TEST1
[2019.11.12-05.06.49:593][178]LogPlayLevel: PIE: StaticDuplicateObject took: (0.004607s)
[2019.11.12-05.06.49:593][178]LogAIModule: Creating AISystem for world TEST1
[2019.11.12-05.06.49:593][178]LogPlayLevel: PIE: World Init took: (0.000541s)
[2019.11.12-05.06.49:594][178]LogPlayLevel: PIE: Created PIE world by copying editor world from /Game/Maps/TEST1.TEST1 to /Game/Maps/UEDPIE_0_TEST1.TEST1 (0.005399s)
[2019.11.12-05.06.49:620][178]LogUObjectHash: Compacting FUObjectHashTables data took   1.37ms
[2019.11.12-05.06.49:629][178]LogInit: XAudio2 using 'LG FULL HD(2- NVIDIA High Definition Audio)' : 2 channels at 48 kHz using 16 bits per sample (channel mask 0x3)
[2019.11.12-05.06.49:636][178]LogInit: FAudioDevice initialized.
[2019.11.12-05.06.49:678][178]LogLoad: Game class is 'GM_HeroMonster_C'
[2019.11.12-05.06.49:680][178]LogWorld: Bringing World /Game/Maps/UEDPIE_0_TEST1.TEST1 up for play (max tick rate 0) at 2019.11.12-14.06.49
[2019.11.12-05.06.49:680][178]LogWorld: Bringing up level for play took: 0.001567
[2019.11.12-05.06.49:697][178]LogContentBrowser: Native class hierarchy updated for 'MovieSceneCapture' in 0.0003 seconds. Added 20 classes and 0 folders.
[2019.11.12-05.06.49:701][178]PIE: /Game/Maps/UEDPIE_0_TEST1 에 대한 에디터에서 플레이 시작 시간: -0.761
[2019.11.12-05.06.49:701][178]LogBlueprintUserMessages: Late PlayInEditor Detection: Level '/Game/Maps/TEST1.TEST1:PersistentLevel' has LevelScriptBlueprint '/Game/Maps/TEST1.TEST1:PersistentLevel.TEST1' with GeneratedClass '/Game/Maps/TEST1.TEST1_C' with ClassGeneratedBy '/Game/Maps/TEST1.TEST1:PersistentLevel.TEST1'
[2019.11.12-05.06.50:231][239]LogSlate: New Slate User Created.  User Index 8, Is Virtual User: 1
[2019.11.12-05.06.50:231][239]LogSlate: Slate User Registered.  User Index 8, Is Virtual User: 1
[2019.11.12-05.06.50:573][280]LogBlueprintUserMessages: [GM_HeroMonster_C_0] BP_Wolf_Level1_C
[2019.11.12-05.06.51:568][399]LogBlueprintUserMessages: [GM_HeroMonster_C_0] BP_Wolf_Level1_C
[2019.11.12-05.06.51:894][438]LogBlueprintUserMessages: [PC_Controller_C_0] Fail
[2019.11.12-05.06.51:894][438]LogSlate: Slate User Unregistered.  User Index 8
[2019.11.12-05.06.51:894][438]LogSlate: Slate User Destroyed.  User Index 8, Is Virtual User: 1
[2019.11.12-05.06.51:894][438]LogSlate: Slate User Unregistered.  User Index 8
[2019.11.12-05.06.51:894][438]LogSlate: New Slate User Created.  User Index 8, Is Virtual User: 0
[2019.11.12-05.06.51:894][438]LogSlate: Slate User Registered.  User Index 8, Is Virtual User: 0
[2019.11.12-05.06.51:894][438]LogSlate: Slate User Destroyed.  User Index 8, Is Virtual User: 0
[2019.11.12-05.06.52:573][519]LogBlueprintUserMessages: [GM_HeroMonster_C_0] BP_Wolf_Level1_C
[2019.11.12-05.06.53:398][618]LogSlate: New Slate User Created.  User Index 8, Is Virtual User: 1
[2019.11.12-05.06.53:398][618]LogSlate: Slate User Registered.  User Index 8, Is Virtual User: 1
[2019.11.12-05.06.53:572][639]LogBlueprintUserMessages: [GM_HeroMonster_C_0] BP_Wolf_Level1_C
[2019.11.12-05.06.54:573][759]LogBlueprintUserMessages: [GM_HeroMonster_C_0] BP_Wolf_Level1_C
[2019.11.12-05.06.55:005][811]LogSlate: Slate User Unregistered.  User Index 8
[2019.11.12-05.06.55:005][811]LogSlate: Slate User Destroyed.  User Index 8, Is Virtual User: 1
[2019.11.12-05.06.55:005][811]LogSlate: Slate User Unregistered.  User Index 8
[2019.11.12-05.06.55:005][811]LogSlate: New Slate User Created.  User Index 8, Is Virtual User: 0
[2019.11.12-05.06.55:005][811]LogSlate: Slate User Registered.  User Index 8, Is Virtual User: 0
[2019.11.12-05.06.55:005][811]LogSlate: Slate User Destroyed.  User Index 8, Is Virtual User: 0
[2019.11.12-05.06.55:572][879]LogBlueprintUserMessages: [GM_HeroMonster_C_0] BP_Wolf_Level1_C
[2019.11.12-05.06.55:741][899]LogSlate: New Slate User Created.  User Index 8, Is Virtual User: 1
[2019.11.12-05.06.55:741][899]LogSlate: Slate User Registered.  User Index 8, Is Virtual User: 1
[2019.11.12-05.06.56:567][998]LogBlueprintUserMessages: [GM_HeroMonster_C_0] BP_Wolf_Level1_C
[2019.11.12-05.06.57:566][118]LogBlueprintUserMessages: [GM_HeroMonster_C_0] BP_Wolf_Level1_C
[2019.11.12-05.06.57:724][137]LogBlueprintUserMessages: [GM_HeroMonster_C_0] 7
[2019.11.12-05.06.58:567][238]LogBlueprintUserMessages: [GM_HeroMonster_C_0] BP_Wolf_Level1_C
[2019.11.12-05.06.59:567][358]LogBlueprintUserMessages: [GM_HeroMonster_C_0] BP_Wolf_Level1_C
[2019.11.12-05.06.59:732][378]LogBlueprintUserMessages: [GM_HeroMonster_C_0] 8
[2019.11.12-05.06.59:742][379]LogBlueprintUserMessages: Early EndPlayMap Detection: Level '/Game/Maps/TEST1.TEST1:PersistentLevel' has LevelScriptBlueprint '/Game/Maps/TEST1.TEST1:PersistentLevel.TEST1' with GeneratedClass '/Game/Maps/TEST1.TEST1_C' with ClassGeneratedBy '/Game/Maps/TEST1.TEST1:PersistentLevel.TEST1'
[2019.11.12-05.06.59:742][379]LogSlate: Updating window title bar state: overlay mode, drag disabled, window buttons hidden, title bar hidden
[2019.11.12-05.06.59:771][379]LogPlayLevel: Display: Shutting down PIE online subsystems
[2019.11.12-05.06.59:771][379]LogBlueprintUserMessages: Late EndPlayMap Detection: Level '/Game/Maps/TEST1.TEST1:PersistentLevel' has LevelScriptBlueprint '/Game/Maps/TEST1.TEST1:PersistentLevel.TEST1' with GeneratedClass '/Game/Maps/TEST1.TEST1_C' with ClassGeneratedBy '/Game/Maps/TEST1.TEST1:PersistentLevel.TEST1'
[2019.11.12-05.06.59:797][379]LogSlate: Updating window title bar state: overlay mode, drag disabled, window buttons hidden, title bar hidden
[2019.11.12-05.06.59:800][379]LogSlate: Slate User Unregistered.  User Index 8
[2019.11.12-05.06.59:800][379]LogSlate: Slate User Destroyed.  User Index 8, Is Virtual User: 1
[2019.11.12-05.06.59:802][379]LogUObjectHash: Compacting FUObjectHashTables data took   2.08ms
[2019.11.12-05.06.59:847][382]LogPlayLevel: Display: Destroying online subsystem :Context_3
[2019.11.12-05.07.00:656][479]LogSlate: FSceneViewport::OnFocusLost() reason 0
[2019.11.12-05.07.00:747][490]LogTemp: Repeating last play command: 선택된 뷰포트
[2019.11.12-05.07.00:760][490]LogBlueprintUserMessages: Early PlayInEditor Detection: Level '/Game/Maps/TEST1.TEST1:PersistentLevel' has LevelScriptBlueprint '/Game/Maps/TEST1.TEST1:PersistentLevel.TEST1' with GeneratedClass '/Game/Maps/TEST1.TEST1_C' with ClassGeneratedBy '/Game/Maps/TEST1.TEST1:PersistentLevel.TEST1'
[2019.11.12-05.07.00:760][490]LogPlayLevel: PlayLevel: No blueprints needed recompiling
[2019.11.12-05.07.00:760][490]PIE: New page: PIE 세션: TEST1 (2019. 11. 12. 오후 11:07:00)
[2019.11.12-05.07.00:761][490]LogPlayLevel: Creating play world package: /Game/Maps/UEDPIE_0_TEST1
[2019.11.12-05.07.00:765][490]LogPlayLevel: PIE: StaticDuplicateObject took: (0.004160s)
[2019.11.12-05.07.00:765][490]LogAIModule: Creating AISystem for world TEST1
[2019.11.12-05.07.00:765][490]LogPlayLevel: PIE: World Init took: (0.000463s)
[2019.11.12-05.07.00:765][490]LogPlayLevel: PIE: Created PIE world by copying editor world from /Game/Maps/TEST1.TEST1 to /Game/Maps/UEDPIE_0_TEST1.TEST1 (0.004818s)
[2019.11.12-05.07.00:787][490]LogUObjectHash: Compacting FUObjectHashTables data took   1.32ms
[2019.11.12-05.07.00:797][490]LogInit: XAudio2 using 'LG FULL HD(2- NVIDIA High Definition Audio)' : 2 channels at 48 kHz using 16 bits per sample (channel mask 0x3)
[2019.11.12-05.07.00:804][490]LogInit: FAudioDevice initialized.
[2019.11.12-05.07.00:830][490]LogLoad: Game class is 'GM_HeroMonster_C'
[2019.11.12-05.07.00:831][490]LogWorld: Bringing World /Game/Maps/UEDPIE_0_TEST1.TEST1 up for play (max tick rate 0) at 2019.11.12-14.07.00
[2019.11.12-05.07.00:832][490]LogWorld: Bringing up level for play took: 0.001345
[2019.11.12-05.07.00:847][490]PIE: /Game/Maps/UEDPIE_0_TEST1 에 대한 에디터에서 플레이 시작 시간: 0.385
[2019.11.12-05.07.00:847][490]LogBlueprintUserMessages: Late PlayInEditor Detection: Level '/Game/Maps/TEST1.TEST1:PersistentLevel' has LevelScriptBlueprint '/Game/Maps/TEST1.TEST1:PersistentLevel.TEST1' with GeneratedClass '/Game/Maps/TEST1.TEST1_C' with ClassGeneratedBy '/Game/Maps/TEST1.TEST1:PersistentLevel.TEST1'
[2019.11.12-05.07.01:751][597]LogBlueprintUserMessages: [GM_HeroMonster_C_0] BP_Wolf_Level1_C
[2019.11.12-05.07.01:944][620]LogSlate: New Slate User Created.  User Index 8, Is Virtual User: 1
[2019.11.12-05.07.01:944][620]LogSlate: Slate User Registered.  User Index 8, Is Virtual User: 1
[2019.11.12-05.07.02:751][717]LogBlueprintUserMessages: [GM_HeroMonster_C_0] BP_Wolf_Level1_C
[2019.11.12-05.07.03:751][837]LogBlueprintUserMessages: [GM_HeroMonster_C_0] BP_Wolf_Level1_C
[2019.11.12-05.07.04:176][888]LogBlueprintUserMessages: Early EndPlayMap Detection: Level '/Game/Maps/TEST1.TEST1:PersistentLevel' has LevelScriptBlueprint '/Game/Maps/TEST1.TEST1:PersistentLevel.TEST1' with GeneratedClass '/Game/Maps/TEST1.TEST1_C' with ClassGeneratedBy '/Game/Maps/TEST1.TEST1:PersistentLevel.TEST1'
[2019.11.12-05.07.04:176][888]LogSlate: Updating window title bar state: overlay mode, drag disabled, window buttons hidden, title bar hidden
[2019.11.12-05.07.04:208][888]LogPlayLevel: Display: Shutting down PIE online subsystems
[2019.11.12-05.07.04:208][888]LogBlueprintUserMessages: Late EndPlayMap Detection: Level '/Game/Maps/TEST1.TEST1:PersistentLevel' has LevelScriptBlueprint '/Game/Maps/TEST1.TEST1:PersistentLevel.TEST1' with GeneratedClass '/Game/Maps/TEST1.TEST1_C' with ClassGeneratedBy '/Game/Maps/TEST1.TEST1:PersistentLevel.TEST1'
[2019.11.12-05.07.04:235][888]LogSlate: Updating window title bar state: overlay mode, drag disabled, window buttons hidden, title bar hidden
[2019.11.12-05.07.04:237][888]LogSlate: Slate User Unregistered.  User Index 8
[2019.11.12-05.07.04:237][888]LogSlate: Slate User Destroyed.  User Index 8, Is Virtual User: 1
[2019.11.12-05.07.04:239][888]LogUObjectHash: Compacting FUObjectHashTables data took   1.36ms
[2019.11.12-05.07.04:282][891]LogPlayLevel: Display: Destroying online subsystem :Context_4
[2019.11.12-05.07.05:103][989]LogSlate: FSceneViewport::OnFocusLost() reason 0
[2019.11.12-05.07.05:179][998]LogTemp: Repeating last play command: 선택된 뷰포트
[2019.11.12-05.07.05:190][998]LogBlueprintUserMessages: Early PlayInEditor Detection: Level '/Game/Maps/TEST1.TEST1:PersistentLevel' has LevelScriptBlueprint '/Game/Maps/TEST1.TEST1:PersistentLevel.TEST1' with GeneratedClass '/Game/Maps/TEST1.TEST1_C' with ClassGeneratedBy '/Game/Maps/TEST1.TEST1:PersistentLevel.TEST1'
[2019.11.12-05.07.05:190][998]LogPlayLevel: PlayLevel: No blueprints needed recompiling
[2019.11.12-05.07.05:190][998]PIE: New page: PIE 세션: TEST1 (2019. 11. 12. 오후 11:07:05)
[2019.11.12-05.07.05:190][998]LogPlayLevel: Creating play world package: /Game/Maps/UEDPIE_0_TEST1
[2019.11.12-05.07.05:195][998]LogPlayLevel: PIE: StaticDuplicateObject took: (0.004270s)
[2019.11.12-05.07.05:195][998]LogAIModule: Creating AISystem for world TEST1
[2019.11.12-05.07.05:195][998]LogPlayLevel: PIE: World Init took: (0.000467s)
[2019.11.12-05.07.05:195][998]LogPlayLevel: PIE: Created PIE world by copying editor world from /Game/Maps/TEST1.TEST1 to /Game/Maps/UEDPIE_0_TEST1.TEST1 (0.004839s)
[2019.11.12-05.07.05:220][998]LogUObjectHash: Compacting FUObjectHashTables data took   1.36ms
[2019.11.12-05.07.05:228][998]LogInit: XAudio2 using 'LG FULL HD(2- NVIDIA High Definition Audio)' : 2 channels at 48 kHz using 16 bits per sample (channel mask 0x3)
[2019.11.12-05.07.05:236][998]LogInit: FAudioDevice initialized.
[2019.11.12-05.07.05:267][998]LogLoad: Game class is 'GM_HeroMonster_C'
[2019.11.12-05.07.05:268][998]LogWorld: Bringing World /Game/Maps/UEDPIE_0_TEST1.TEST1 up for play (max tick rate 0) at 2019.11.12-14.07.05
[2019.11.12-05.07.05:268][998]LogWorld: Bringing up level for play took: 0.001331
[2019.11.12-05.07.05:283][998]PIE: /Game/Maps/UEDPIE_0_TEST1 에 대한 에디터에서 플레이 시작 시간: 0.821
[2019.11.12-05.07.05:283][998]LogBlueprintUserMessages: Late PlayInEditor Detection: Level '/Game/Maps/TEST1.TEST1:PersistentLevel' has LevelScriptBlueprint '/Game/Maps/TEST1.TEST1:PersistentLevel.TEST1' with GeneratedClass '/Game/Maps/TEST1.TEST1_C' with ClassGeneratedBy '/Game/Maps/TEST1.TEST1:PersistentLevel.TEST1'
[2019.11.12-05.07.05:738][ 51]LogSlate: New Slate User Created.  User Index 8, Is Virtual User: 1
[2019.11.12-05.07.05:738][ 51]LogSlate: Slate User Registered.  User Index 8, Is Virtual User: 1
[2019.11.12-05.07.06:188][105]LogBlueprintUserMessages: [GM_HeroMonster_C_0] BP_Wolf_Level1_C
[2019.11.12-05.07.06:554][149]LogBlueprintUserMessages: [PC_Controller_C_0] Fail
[2019.11.12-05.07.06:555][149]LogSlate: Slate User Unregistered.  User Index 8
[2019.11.12-05.07.06:555][149]LogSlate: Slate User Destroyed.  User Index 8, Is Virtual User: 1
[2019.11.12-05.07.06:555][149]LogSlate: Slate User Unregistered.  User Index 8
[2019.11.12-05.07.06:555][149]LogSlate: New Slate User Created.  User Index 8, Is Virtual User: 0
[2019.11.12-05.07.06:555][149]LogSlate: Slate User Registered.  User Index 8, Is Virtual User: 0
[2019.11.12-05.07.06:555][149]LogSlate: Slate User Destroyed.  User Index 8, Is Virtual User: 0
[2019.11.12-05.07.07:188][225]LogBlueprintUserMessages: [GM_HeroMonster_C_0] BP_Wolf_Level1_C
[2019.11.12-05.07.07:221][229]LogBlueprintUserMessages: Early EndPlayMap Detection: Level '/Game/Maps/TEST1.TEST1:PersistentLevel' has LevelScriptBlueprint '/Game/Maps/TEST1.TEST1:PersistentLevel.TEST1' with GeneratedClass '/Game/Maps/TEST1.TEST1_C' with ClassGeneratedBy '/Game/Maps/TEST1.TEST1:PersistentLevel.TEST1'
[2019.11.12-05.07.07:221][229]LogSlate: Updating window title bar state: overlay mode, drag disabled, window buttons hidden, title bar hidden
[2019.11.12-05.07.07:249][229]LogPlayLevel: Display: Shutting down PIE online subsystems
[2019.11.12-05.07.07:249][229]LogBlueprintUserMessages: Late EndPlayMap Detection: Level '/Game/Maps/TEST1.TEST1:PersistentLevel' has LevelScriptBlueprint '/Game/Maps/TEST1.TEST1:PersistentLevel.TEST1' with GeneratedClass '/Game/Maps/TEST1.TEST1_C' with ClassGeneratedBy '/Game/Maps/TEST1.TEST1:PersistentLevel.TEST1'
[2019.11.12-05.07.07:277][229]LogSlate: Updating window title bar state: overlay mode, drag disabled, window buttons hidden, title bar hidden
[2019.11.12-05.07.07:280][229]LogUObjectHash: Compacting FUObjectHashTables data took   1.38ms
[2019.11.12-05.07.07:326][232]LogPlayLevel: Display: Destroying online subsystem :Context_5
[2019.11.12-05.07.10:127][568]LogSlate: FSceneViewport::OnFocusLost() reason 0
[2019.11.12-05.07.12:596][861]LogSlate: Took 0.000156 seconds to synchronously load lazily loaded font '../../../Engine/Content/Slate/Fonts/Roboto-Light.ttf' (167K)
[2019.11.12-05.07.13:003][861]LogAIModule: Creating AISystem for world StartMenuTest
[2019.11.12-05.07.13:013][861]LogAssetEditorManager: Opening Asset editor for World /Game/HR/map/StartMenuTest.StartMenuTest
[2019.11.12-05.07.13:047][861]LogUObjectHash: Compacting FUObjectHashTables data took   3.05ms
[2019.11.12-05.07.13:049][861]Cmd: MAP LOAD FILE="../../../../../../Users/stl/Documents/Unreal Projects/SinPausaBuild/Content/HR/map/StartMenuTest.umap" TEMPLATE=0 SHOWPROGRESS=1 FEATURELEVEL=3
[2019.11.12-05.07.13:049][861]LightingResults: New page: 라이팅 빌드
[2019.11.12-05.07.13:049][861]LoadErrors: New page: 맵 로드중: StartMenuTest.umap
[2019.11.12-05.07.13:051][861]MapCheck: New page: 맵 체크
[2019.11.12-05.07.13:051][861]LightingResults: New page: 라이팅 빌드
[2019.11.12-05.07.13:078][861]LogUObjectHash: Compacting FUObjectHashTables data took   2.46ms
[2019.11.12-05.07.13:246][861]LogEditorServer: Finished looking for orphan Actors (0.000 secs)
[2019.11.12-05.07.13:274][861]LogUObjectHash: Compacting FUObjectHashTables data took   1.87ms
[2019.11.12-05.07.13:297][861]Cmd: MAP CHECKDEP NOCLEARLOG
[2019.11.12-05.07.13:297][861]MapCheck: 맵 체크 완료: 오류 0 회, 경고 0 회, 소요 시간 0.132ms.
[2019.11.12-05.07.13:297][861]LogFileHelpers: Loading map 'StartMenuTest' took 0.249
[2019.11.12-05.07.13:356][862]LogSlate: Warning: Legacy localized fallback font '../../../Engine/Content/Slate/Fonts/../../Editor/Slate/Fonts/NanumGothic.ttf' was requested. Font: '/Engine/EngineFonts/Faces/RobotoRegular.RobotoRegular', Character: '라 (U+b77c)'
Legacy localized fallback fonts were deprecated in 4.22 and will be removed in a future version!
Please update your composite fonts to use localized sub-font families: https://docs.unrealengine.com/en-US/Engine/UMG/UserGuide/Fonts/Overview
[2019.11.12-05.07.13:357][862]LogSlate: Took 0.001316 seconds to synchronously load lazily loaded font '../../../Engine/Content/Slate/Fonts/../../Editor/Slate/Fonts/NanumGothic.ttf' (4243K)
[2019.11.12-05.07.14:235][962]LogTemp: Repeating last play command: 선택된 뷰포트
[2019.11.12-05.07.14:248][962]LogBlueprintUserMessages: Early PlayInEditor Detection: Level '/Game/HR/map/StartMenuTest.StartMenuTest:PersistentLevel' has LevelScriptBlueprint '/Game/HR/map/StartMenuTest.StartMenuTest:PersistentLevel.StartMenuTest' with GeneratedClass '/Game/HR/map/StartMenuTest.StartMenuTest_C' with ClassGeneratedBy '/Game/HR/map/StartMenuTest.StartMenuTest:PersistentLevel.StartMenuTest'
[2019.11.12-05.07.14:248][962]LogPlayLevel: PlayLevel: No blueprints needed recompiling
[2019.11.12-05.07.14:248][962]PIE: New page: PIE 세션: StartMenuTest (2019. 11. 12. 오후 11:07:14)
[2019.11.12-05.07.14:249][962]LogPlayLevel: Creating play world package: /Game/HR/map/UEDPIE_0_StartMenuTest
[2019.11.12-05.07.14:261][962]LogPlayLevel: PIE: StaticDuplicateObject took: (0.012957s)
[2019.11.12-05.07.14:262][962]LogAIModule: Creating AISystem for world StartMenuTest
[2019.11.12-05.07.14:262][962]LogPlayLevel: PIE: World Init took: (0.000528s)
[2019.11.12-05.07.14:262][962]LogPlayLevel: PIE: Created PIE world by copying editor world from /Game/HR/map/StartMenuTest.StartMenuTest to /Game/HR/map/UEDPIE_0_StartMenuTest.StartMenuTest (0.013707s)
[2019.11.12-05.07.14:286][962]LogUObjectHash: Compacting FUObjectHashTables data took   1.44ms
[2019.11.12-05.07.14:295][962]LogInit: XAudio2 using 'LG FULL HD(2- NVIDIA High Definition Audio)' : 2 channels at 48 kHz using 16 bits per sample (channel mask 0x3)
[2019.11.12-05.07.14:302][962]LogInit: FAudioDevice initialized.
[2019.11.12-05.07.14:328][962]LogLoad: Game class is 'BP_HRGM_C'
[2019.11.12-05.07.14:332][962]LogWorld: Bringing World /Game/HR/map/UEDPIE_0_StartMenuTest.StartMenuTest up for play (max tick rate 0) at 2019.11.12-14.07.14
[2019.11.12-05.07.14:347][962]LogAudioDerivedData: Display: OGG 압축 오디오 포맷 Prize_wheel_spin_6 웨이브 빌드중...
[2019.11.12-05.07.14:411][962]LogAudioDerivedData: Display: Updated SoundWave->RawPCMDataSize from 0 to 820380 while cooking SoundWave /Game/Sound/Using/GameEffectSound/Prize_wheel_spin_6.Prize_wheel_spin_6.
[2019.11.12-05.07.14:416][962]LogAudioDerivedData: Display: OGG 압축 오디오 포맷 Stinger_01 웨이브 빌드중...
[2019.11.12-05.07.14:518][962]LogAudioDerivedData: Display: Updated SoundWave->RawPCMDataSize from 0 to 1367100 while cooking SoundWave /Game/Sound/BGM/Stinger_01.Stinger_01.
[2019.11.12-05.07.14:524][962]LogWorld: Bringing up level for play took: 0.195419
[2019.11.12-05.07.14:535][962]LogGameMode: Display: Match State Changed from EnteringMap to WaitingToStart
[2019.11.12-05.07.14:535][962]LogGameState: Match State Changed from EnteringMap to WaitingToStart
[2019.11.12-05.07.14:535][962]LogGameMode: Display: Match State Changed from WaitingToStart to InProgress
[2019.11.12-05.07.14:540][962]LogGameState: Match State Changed from WaitingToStart to InProgress
[2019.11.12-05.07.14:540][962]PIE: /Game/HR/map/UEDPIE_0_StartMenuTest 에 대한 에디터에서 플레이 시작 시간: 0.078
[2019.11.12-05.07.14:540][962]LogBlueprintUserMessages: Late PlayInEditor Detection: Level '/Game/HR/map/StartMenuTest.StartMenuTest:PersistentLevel' has LevelScriptBlueprint '/Game/HR/map/StartMenuTest.StartMenuTest:PersistentLevel.StartMenuTest' with GeneratedClass '/Game/HR/map/StartMenuTest.StartMenuTest_C' with ClassGeneratedBy '/Game/HR/map/StartMenuTest.StartMenuTest:PersistentLevel.StartMenuTest'
[2019.11.12-05.07.19:038][500]LogGameMode: Display: Match State Changed from InProgress to LeavingMap
[2019.11.12-05.07.19:038][500]LogGameState: Match State Changed from InProgress to LeavingMap
[2019.11.12-05.07.19:039][500]LogNet: Browse: /Game/Maps/Stage1
[2019.11.12-05.07.19:039][500]LogLoad: LoadMap: /Game/Maps/Stage1
[2019.11.12-05.07.19:068][500]LogUObjectHash: Compacting FUObjectHashTables data took   2.15ms
[2019.11.12-05.07.19:086][500]LogAIModule: Creating AISystem for world Stage1
[2019.11.12-05.07.19:087][500]LogLoad: Game class is 'GM_HeroMonster_C'
[2019.11.12-05.07.19:092][500]LogWorld: Bringing World /Game/Maps/UEDPIE_0_Stage1.Stage1 up for play (max tick rate 0) at 2019.11.12-14.07.19
[2019.11.12-05.07.19:092][500]LogWorld: Bringing up level for play took: 0.004913
[2019.11.12-05.07.19:093][500]LogGameMode: FindPlayerStart: PATHS NOT DEFINED or NO PLAYERSTART with positive rating
[2019.11.12-05.07.19:096][500]LogLoad: Took 0.056609 seconds to LoadMap(/Game/Maps/Stage1)
[2019.11.12-05.07.19:097][500]LogAudio: Warning: Detected orphaned looping sound 'StageLV1_Loop'.
[2019.11.12-05.07.20:048][613]LogBlueprintUserMessages: [GM_HeroMonster_C_0] BP_Wolf_Level1_C
[2019.11.12-05.07.21:047][733]LogBlueprintUserMessages: [GM_HeroMonster_C_0] BP_Wolf_Level1_C
[2019.11.12-05.07.21:707][812]LogSlate: New Slate User Created.  User Index 8, Is Virtual User: 1
[2019.11.12-05.07.21:707][812]LogSlate: Slate User Registered.  User Index 8, Is Virtual User: 1
[2019.11.12-05.07.22:047][853]LogBlueprintUserMessages: [GM_HeroMonster_C_0] BP_Wolf_Level1_C
[2019.11.12-05.07.23:048][973]LogBlueprintUserMessages: [GM_HeroMonster_C_0] BP_Wolf_Level1_C
[2019.11.12-05.07.24:048][ 93]LogBlueprintUserMessages: [GM_HeroMonster_C_0] BP_Wolf_Level1_C
[2019.11.12-05.07.25:048][213]LogBlueprintUserMessages: [GM_HeroMonster_C_0] BP_Wolf_Level1_C
[2019.11.12-05.07.25:864][311]LogBlueprintUserMessages: Early EndPlayMap Detection: Level '/Game/HR/map/StartMenuTest.StartMenuTest:PersistentLevel' has LevelScriptBlueprint '/Game/HR/map/StartMenuTest.StartMenuTest:PersistentLevel.StartMenuTest' with GeneratedClass '/Game/HR/map/StartMenuTest.StartMenuTest_C' with ClassGeneratedBy '/Game/HR/map/StartMenuTest.StartMenuTest:PersistentLevel.StartMenuTest'
[2019.11.12-05.07.25:864][311]LogSlate: Updating window title bar state: overlay mode, drag disabled, window buttons hidden, title bar hidden
[2019.11.12-05.07.25:896][311]LogPlayLevel: Display: Shutting down PIE online subsystems
[2019.11.12-05.07.25:896][311]LogBlueprintUserMessages: Late EndPlayMap Detection: Level '/Game/HR/map/StartMenuTest.StartMenuTest:PersistentLevel' has LevelScriptBlueprint '/Game/HR/map/StartMenuTest.StartMenuTest:PersistentLevel.StartMenuTest' with GeneratedClass '/Game/HR/map/StartMenuTest.StartMenuTest_C' with ClassGeneratedBy '/Game/HR/map/StartMenuTest.StartMenuTest:PersistentLevel.StartMenuTest'
[2019.11.12-05.07.25:926][311]LogSlate: Updating window title bar state: overlay mode, drag disabled, window buttons hidden, title bar hidden
[2019.11.12-05.07.25:929][311]LogSlate: Slate User Unregistered.  User Index 8
[2019.11.12-05.07.25:929][311]LogSlate: Slate User Destroyed.  User Index 8, Is Virtual User: 1
[2019.11.12-05.07.25:931][311]LogUObjectHash: Compacting FUObjectHashTables data took   2.03ms
[2019.11.12-05.07.25:967][313]LogPlayLevel: Display: Destroying online subsystem :Context_6
[2019.11.12-05.07.26:909][426]LogSlate: FSceneViewport::OnFocusLost() reason 0
